#
# There is insufficient memory for the Java Runtime Environment to continue.
# Native memory allocation (malloc) failed to allocate 1018176 bytes for Chunk::new
# Possible reasons:
#   The system is out of physical RAM or swap space
#   The process is running with CompressedOops enabled, and the Java Heap may be blocking the growth of the native heap
# Possible solutions:
#   Reduce memory load on the system
#   Increase physical memory or swap space
#   Check if swap backing store is full
#   Decrease Java heap size (-Xmx/-Xms)
#   Decrease number of Java threads
#   Decrease Java thread stack sizes (-Xss)
#   Set larger code cache with -XX:ReservedCodeCacheSize=
#   JVM is running with Unscaled Compressed Oops mode in which the Java heap is
#     placed in the first 4GB address space. The Java Heap base address is the
#     maximum limit for the native heap growth. Please use -XX:HeapBaseMinAddress
#     to set the Java Heap base and to place the Java Heap above 4GB virtual address.
# This output file may be truncated or incomplete.
#
#  Out of Memory Error (./src/hotspot/share/memory/arena.cpp:197), pid=19440, tid=41436
#
# JRE version: OpenJDK Runtime Environment (11.0.8+10) (build 11.0.8+10-b944.6842174)
# Java VM: OpenJDK 64-Bit Server VM (11.0.8+10-b944.6842174, mixed mode, tiered, compressed oops, g1 gc, windows-amd64)
# No core dump will be written. Minidumps are not enabled by default on client versions of Windows
#

---------------  S U M M A R Y ------------

Command Line: --add-opens=java.base/java.util=ALL-UNNAMED --add-opens=java.base/java.lang=ALL-UNNAMED --add-opens=java.base/java.lang.invoke=ALL-UNNAMED --add-opens=java.prefs/java.util.prefs=ALL-UNNAMED -Xmx2048m -Dfile.encoding=UTF-8 -Duser.country=GB -Duser.language=en -Duser.variant org.gradle.launcher.daemon.bootstrap.GradleDaemon 6.7.1

Host: Intel(R) Core(TM) i5-7200U CPU @ 2.50GHz, 4 cores, 7G,  Windows 10 , 64 bit Build 18362 (10.0.18362.1500)
Time: Thu May 27 11:03:12 2021 SE Asia Standard Time elapsed time: 2351 seconds (0d 0h 39m 11s)

---------------  T H R E A D  ---------------

Current thread (0x00000207b311f000):  JavaThread "C2 CompilerThread0" daemon [_thread_in_native, id=41436, stack(0x0000002d31000000,0x0000002d31100000)]


Current CompileTask:
C2:2351066 16392   !   4       java.nio.file.Files::walkFileTree (294 bytes)

Stack: [0x0000002d31000000,0x0000002d31100000]
Native frames: (J=compiled Java code, j=interpreted, Vv=VM code, C=native code)
V  [jvm.dll+0x5de50a]
V  [jvm.dll+0x7122f5]
V  [jvm.dll+0x71384d]
V  [jvm.dll+0x713f03]
V  [jvm.dll+0x23e728]
V  [jvm.dll+0xb899c]
V  [jvm.dll+0xb8e9c]
V  [jvm.dll+0x2b20e4]
V  [jvm.dll+0x502098]
V  [jvm.dll+0x1ff393]
V  [jvm.dll+0x1f917c]
V  [jvm.dll+0x1f685f]
V  [jvm.dll+0x17f32c]
V  [jvm.dll+0x205047]
V  [jvm.dll+0x203891]
V  [jvm.dll+0x6dad3f]
V  [jvm.dll+0x6d3895]
V  [jvm.dll+0x5dd4a6]
C  [ucrtbase.dll+0x210b2]
C  [KERNEL32.DLL+0x17c24]
C  [ntdll.dll+0x6d721]


---------------  P R O C E S S  ---------------

Threads class SMR info:
_java_thread_list=0x00000207bd633880, length=141, elements={
0x000002079769c000, 0x00000207b3102800, 0x00000207b310c800, 0x00000207b3a83000,
0x00000207b311d000, 0x00000207b311f000, 0x00000207b3129800, 0x00000207b312d000,
0x00000207b3bc6800, 0x00000207b3bc8000, 0x00000207b5e59800, 0x00000207b3dc1000,
0x00000207b52c4000, 0x00000207b5eb1800, 0x00000207b5eb3000, 0x00000207b5eb2800,
0x00000207b5eaf000, 0x00000207b645f000, 0x00000207b800c800, 0x00000207b98a5800,
0x00000207b98a6800, 0x00000207b800a000, 0x00000207b8005800, 0x00000207b800c000,
0x00000207b800b000, 0x00000207b8006000, 0x00000207b8009800, 0x00000207b8007000,
0x00000207b8007800, 0x00000207b800e000, 0x00000207b8008800, 0x00000207b800f000,
0x00000207b8010800, 0x00000207b8011800, 0x00000207b8012800, 0x00000207b8013000,
0x00000207b8014000, 0x00000207b8010000, 0x00000207b645c800, 0x00000207b645b800,
0x00000207b645e000, 0x00000207b645b000, 0x00000207b6463000, 0x00000207b6460000,
0x00000207b6462000, 0x00000207b6460800, 0x00000207b6464000, 0x00000207b6464800,
0x00000207b6467000, 0x00000207b6465800, 0x00000207b6466800, 0x00000207b6461800,
0x00000207b6468000, 0x00000207b6468800, 0x00000207b6469800, 0x00000207b98a8800,
0x00000207b98a8000, 0x00000207b98a3000, 0x00000207b98a7000, 0x00000207b98a9800,
0x00000207b98a4000, 0x00000207b98a4800, 0x00000207b98ae800, 0x00000207b98af800,
0x00000207b98ad000, 0x00000207b98ad800, 0x00000207b98b0000, 0x00000207b98b1000,
0x00000207b98ab000, 0x00000207b98b1800, 0x00000207b98ac000, 0x00000207b5eb0000,
0x00000207b5eb4000, 0x00000207b5eae000, 0x00000207b5eb0800, 0x00000207b5eb5000,
0x00000207b91cd000, 0x00000207b91c8000, 0x00000207b91c8800, 0x00000207b91c9800,
0x00000207b91cf000, 0x00000207b91cd800, 0x00000207b91ca800, 0x00000207b91ce800,
0x00000207b91cc000, 0x00000207b91d0000, 0x00000207b91d1000, 0x00000207b91cb000,
0x00000207b91d3800, 0x00000207b91d6000, 0x00000207b91d1800, 0x00000207b91d2800,
0x00000207b91d6800, 0x00000207b91d4000, 0x00000207b91d5000, 0x00000207b8c62000,
0x00000207b8c68800, 0x00000207b8c67800, 0x00000207b8c62800, 0x00000207b8c63800,
0x00000207b8c65000, 0x00000207b8c66000, 0x00000207b8c64800, 0x00000207b8c6c800,
0x00000207b8c6b000, 0x00000207b8c69000, 0x00000207b8c66800, 0x00000207b8c6b800,
0x00000207b8c6d800, 0x00000207b8c6f800, 0x00000207b8c6e000, 0x00000207b8c6f000,
0x00000207b8c6a000, 0x00000207b8c70800, 0x00000207b48b3000, 0x00000207b48b4800,
0x00000207b48b2000, 0x00000207b48b3800, 0x00000207b48b5800, 0x00000207b48b1000,
0x00000207b48b6000, 0x00000207b48b7800, 0x00000207b48b8800, 0x00000207b48bc000,
0x00000207b48ba000, 0x00000207b48b9800, 0x00000207b48bb000, 0x00000207b48bc800,
0x00000207b48b7000, 0x00000207b48bd800, 0x00000207b48be800, 0x00000207b48bf000,
0x00000207b48c0000, 0x00000207bd4ea800, 0x00000207bd4eb000, 0x00000207bd4e8000,
0x00000207bd4ec000, 0x00000207bd4e8800, 0x00000207bd4ee800, 0x00000207bd4ed800,
0x00000207b5607800
}

Java Threads: ( => current thread )
  0x000002079769c000 JavaThread "main" [_thread_blocked, id=25784, stack(0x0000002d30500000,0x0000002d30600000)]
  0x00000207b3102800 JavaThread "Reference Handler" daemon [_thread_blocked, id=37376, stack(0x0000002d30c00000,0x0000002d30d00000)]
  0x00000207b310c800 JavaThread "Finalizer" daemon [_thread_blocked, id=11412, stack(0x0000002d30d00000,0x0000002d30e00000)]
  0x00000207b3a83000 JavaThread "Signal Dispatcher" daemon [_thread_blocked, id=968, stack(0x0000002d30e00000,0x0000002d30f00000)]
  0x00000207b311d000 JavaThread "Attach Listener" daemon [_thread_blocked, id=3784, stack(0x0000002d30f00000,0x0000002d31000000)]
=>0x00000207b311f000 JavaThread "C2 CompilerThread0" daemon [_thread_in_native, id=41436, stack(0x0000002d31000000,0x0000002d31100000)]
  0x00000207b3129800 JavaThread "C1 CompilerThread0" daemon [_thread_blocked, id=2012, stack(0x0000002d31100000,0x0000002d31200000)]
  0x00000207b312d000 JavaThread "Sweeper thread" daemon [_thread_blocked, id=18080, stack(0x0000002d31200000,0x0000002d31300000)]
  0x00000207b3bc6800 JavaThread "Common-Cleaner" daemon [_thread_blocked, id=6508, stack(0x0000002d31300000,0x0000002d31400000)]
  0x00000207b3bc8000 JavaThread "Service Thread" daemon [_thread_blocked, id=41456, stack(0x0000002d31400000,0x0000002d31500000)]
  0x00000207b5e59800 JavaThread "Daemon health stats" [_thread_blocked, id=29196, stack(0x0000002d31900000,0x0000002d31a00000)]
  0x00000207b3dc1000 JavaThread "Incoming local TCP Connector on port 56445" [_thread_in_native, id=37456, stack(0x0000002d31b00000,0x0000002d31c00000)]
  0x00000207b52c4000 JavaThread "Daemon periodic checks" [_thread_blocked, id=17180, stack(0x0000002d31c00000,0x0000002d31d00000)]
  0x00000207b5eb1800 JavaThread "Cache worker for file hash cache (C:\Users\ASUS\.gradle\caches\6.7.1\fileHashes)" [_thread_blocked, id=28316, stack(0x0000002d32500000,0x0000002d32600000)]
  0x00000207b5eb3000 JavaThread "File lock request listener" [_thread_in_native, id=10420, stack(0x0000002d32600000,0x0000002d32700000)]
  0x00000207b5eb2800 JavaThread "Cache worker for journal cache (C:\Users\ASUS\.gradle\caches\journal-1)" [_thread_in_Java, id=22400, stack(0x0000002d32700000,0x0000002d32800000)]
  0x00000207b5eaf000 JavaThread "Cache worker for execution history cache (C:\Users\ASUS\.gradle\caches\6.7.1\executionHistory)" [_thread_blocked, id=15960, stack(0x0000002d32d00000,0x0000002d32e00000)]
  0x00000207b645f000 JavaThread "Cache worker for file content cache (C:\Users\ASUS\.gradle\caches\6.7.1\fileContent)" [_thread_blocked, id=31720, stack(0x0000002d32f00000,0x0000002d33000000)]
  0x00000207b800c800 JavaThread "Memory manager" [_thread_blocked, id=29368, stack(0x0000002d39500000,0x0000002d39600000)]
  0x00000207b98a5800 JavaThread "Cache worker for Java compile cache (C:\Users\ASUS\.gradle\caches\6.7.1\javaCompile)" [_thread_blocked, id=7440, stack(0x0000002d3a300000,0x0000002d3a400000)]
  0x00000207b98a6800 JavaThread "ForkJoinPool.commonPool-worker-7" daemon [_thread_blocked, id=33608, stack(0x0000002d3a800000,0x0000002d3a900000)]
  0x00000207b800a000 JavaThread "Daemon Thread 2" [_thread_blocked, id=25568, stack(0x0000002d30200000,0x0000002d30300000)]
  0x00000207b8005800 JavaThread "Handler for socket connection from /127.0.0.1:56445 to /127.0.0.1:56666" [_thread_in_native, id=32044, stack(0x0000002d30300000,0x0000002d30400000)]
  0x00000207b800c000 JavaThread "Cancel handler" [_thread_blocked, id=26916, stack(0x0000002d30400000,0x0000002d30500000)]
  0x00000207b800b000 JavaThread "Daemon worker Thread 2" [_thread_blocked, id=16568, stack(0x0000002d31600000,0x0000002d31700000)]
  0x00000207b8006000 JavaThread "Asynchronous log dispatcher for DefaultDaemonConnection: socket connection from /127.0.0.1:56445 to /127.0.0.1:56666" [_thread_blocked, id=32444, stack(0x0000002d31a00000,0x0000002d31b00000)]
  0x00000207b8009800 JavaThread "Stdin handler" [_thread_blocked, id=34256, stack(0x0000002d31d00000,0x0000002d31e00000)]
  0x00000207b8007000 JavaThread "Thread-141" [_thread_blocked, id=25256, stack(0x0000002d31e00000,0x0000002d31f00000)]
  0x00000207b8007800 JavaThread "Cache worker for file hash cache (Z:\Project Telkom\.gradle\6.7.1\fileHashes)" [_thread_blocked, id=22360, stack(0x0000002d31f00000,0x0000002d32000000)]
  0x00000207b800e000 JavaThread "Cache worker for checksums cache (Z:\Project Telkom\.gradle\checksums)" [_thread_blocked, id=10128, stack(0x0000002d32000000,0x0000002d32100000)]
  0x00000207b8008800 JavaThread "Cache worker for cache directory md-supplier (C:\Users\ASUS\.gradle\caches\6.7.1\md-supplier)" [_thread_blocked, id=9468, stack(0x0000002d32100000,0x0000002d32200000)]
  0x00000207b800f000 JavaThread "Cache worker for cache directory md-rule (C:\Users\ASUS\.gradle\caches\6.7.1\md-rule)" [_thread_blocked, id=20684, stack(0x0000002d32200000,0x0000002d32300000)]
  0x00000207b8010800 JavaThread "Cache worker for Build Output Cleanup Cache (Z:\Project Telkom\.gradle\buildOutputCleanup)" [_thread_blocked, id=42124, stack(0x0000002d32300000,0x0000002d32400000)]
  0x00000207b8011800 JavaThread "Build operations" [_thread_in_Java, id=39324, stack(0x0000002d32900000,0x0000002d32a00000)]
  0x00000207b8012800 JavaThread "Build operations Thread 2" [_thread_blocked, id=28308, stack(0x0000002d32a00000,0x0000002d32b00000)]
  0x00000207b8013000 JavaThread "Build operations Thread 3" [_thread_in_native, id=40444, stack(0x0000002d32b00000,0x0000002d32c00000)]
  0x00000207b8014000 JavaThread "Build operations Thread 4" [_thread_blocked, id=35728, stack(0x0000002d32c00000,0x0000002d32d00000)]
  0x00000207b8010000 JavaThread "jar transforms Thread 98" [_thread_blocked, id=21572, stack(0x0000002d32e00000,0x0000002d32f00000)]
  0x00000207b645c800 JavaThread "jar transforms Thread 99" [_thread_blocked, id=3416, stack(0x0000002d33000000,0x0000002d33100000)]
  0x00000207b645b800 JavaThread "jar transforms Thread 100" [_thread_blocked, id=40368, stack(0x0000002d33100000,0x0000002d33200000)]
  0x00000207b645e000 JavaThread "jar transforms Thread 101" [_thread_blocked, id=27568, stack(0x0000002d33200000,0x0000002d33300000)]
  0x00000207b645b000 JavaThread "jar transforms Thread 102" [_thread_blocked, id=26276, stack(0x0000002d33300000,0x0000002d33400000)]
  0x00000207b6463000 JavaThread "jar transforms Thread 103" [_thread_blocked, id=39184, stack(0x0000002d33400000,0x0000002d33500000)]
  0x00000207b6460000 JavaThread "jar transforms Thread 104" [_thread_blocked, id=41080, stack(0x0000002d33500000,0x0000002d33600000)]
  0x00000207b6462000 JavaThread "jar transforms Thread 105" [_thread_blocked, id=31424, stack(0x0000002d33600000,0x0000002d33700000)]
  0x00000207b6460800 JavaThread "jar transforms Thread 106" [_thread_blocked, id=41468, stack(0x0000002d33700000,0x0000002d33800000)]
  0x00000207b6464000 JavaThread "jar transforms Thread 107" [_thread_blocked, id=14408, stack(0x0000002d33800000,0x0000002d33900000)]
  0x00000207b6464800 JavaThread "jar transforms Thread 108" [_thread_blocked, id=38312, stack(0x0000002d33900000,0x0000002d33a00000)]
  0x00000207b6467000 JavaThread "jar transforms Thread 109" [_thread_blocked, id=37984, stack(0x0000002d33a00000,0x0000002d33b00000)]
  0x00000207b6465800 JavaThread "jar transforms Thread 110" [_thread_blocked, id=8848, stack(0x0000002d33b00000,0x0000002d33c00000)]
  0x00000207b6466800 JavaThread "jar transforms Thread 111" [_thread_blocked, id=37152, stack(0x0000002d33c00000,0x0000002d33d00000)]
  0x00000207b6461800 JavaThread "jar transforms Thread 112" [_thread_blocked, id=17944, stack(0x0000002d33d00000,0x0000002d33e00000)]
  0x00000207b6468000 JavaThread "jar transforms Thread 113" [_thread_blocked, id=40724, stack(0x0000002d33e00000,0x0000002d33f00000)]
  0x00000207b6468800 JavaThread "jar transforms Thread 114" [_thread_blocked, id=29980, stack(0x0000002d33f00000,0x0000002d34000000)]
  0x00000207b6469800 JavaThread "jar transforms Thread 115" [_thread_blocked, id=36584, stack(0x0000002d34000000,0x0000002d34100000)]
  0x00000207b98a8800 JavaThread "jar transforms Thread 116" [_thread_blocked, id=41400, stack(0x0000002d34100000,0x0000002d34200000)]
  0x00000207b98a8000 JavaThread "jar transforms Thread 117" [_thread_blocked, id=40600, stack(0x0000002d34200000,0x0000002d34300000)]
  0x00000207b98a3000 JavaThread "jar transforms Thread 118" [_thread_blocked, id=15384, stack(0x0000002d34300000,0x0000002d34400000)]
  0x00000207b98a7000 JavaThread "jar transforms Thread 119" [_thread_blocked, id=17204, stack(0x0000002d34400000,0x0000002d34500000)]
  0x00000207b98a9800 JavaThread "jar transforms Thread 120" [_thread_blocked, id=29632, stack(0x0000002d34500000,0x0000002d34600000)]
  0x00000207b98a4000 JavaThread "jar transforms Thread 121" [_thread_blocked, id=15796, stack(0x0000002d34600000,0x0000002d34700000)]
  0x00000207b98a4800 JavaThread "jar transforms Thread 122" [_thread_blocked, id=13012, stack(0x0000002d34700000,0x0000002d34800000)]
  0x00000207b98ae800 JavaThread "jar transforms Thread 123" [_thread_blocked, id=6964, stack(0x0000002d34800000,0x0000002d34900000)]
  0x00000207b98af800 JavaThread "jar transforms Thread 124" [_thread_blocked, id=39016, stack(0x0000002d34900000,0x0000002d34a00000)]
  0x00000207b98ad000 JavaThread "jar transforms Thread 125" [_thread_blocked, id=9268, stack(0x0000002d34a00000,0x0000002d34b00000)]
  0x00000207b98ad800 JavaThread "jar transforms Thread 126" [_thread_blocked, id=35884, stack(0x0000002d34b00000,0x0000002d34c00000)]
  0x00000207b98b0000 JavaThread "jar transforms Thread 127" [_thread_blocked, id=36200, stack(0x0000002d34c00000,0x0000002d34d00000)]
  0x00000207b98b1000 JavaThread "jar transforms Thread 128" [_thread_blocked, id=9916, stack(0x0000002d34d00000,0x0000002d34e00000)]
  0x00000207b98ab000 JavaThread "jar transforms Thread 129" [_thread_blocked, id=20720, stack(0x0000002d34e00000,0x0000002d34f00000)]
  0x00000207b98b1800 JavaThread "jar transforms Thread 130" [_thread_blocked, id=38796, stack(0x0000002d34f00000,0x0000002d35000000)]
  0x00000207b98ac000 JavaThread "jar transforms Thread 131" [_thread_blocked, id=19296, stack(0x0000002d35000000,0x0000002d35100000)]
  0x00000207b5eb0000 JavaThread "jar transforms Thread 132" [_thread_blocked, id=256, stack(0x0000002d35100000,0x0000002d35200000)]
  0x00000207b5eb4000 JavaThread "jar transforms Thread 133" [_thread_blocked, id=20604, stack(0x0000002d35200000,0x0000002d35300000)]
  0x00000207b5eae000 JavaThread "jar transforms Thread 134" [_thread_blocked, id=41620, stack(0x0000002d35300000,0x0000002d35400000)]
  0x00000207b5eb0800 JavaThread "jar transforms Thread 135" [_thread_blocked, id=27928, stack(0x0000002d35400000,0x0000002d35500000)]
  0x00000207b5eb5000 JavaThread "jar transforms Thread 136" [_thread_blocked, id=13820, stack(0x0000002d35500000,0x0000002d35600000)]
  0x00000207b91cd000 JavaThread "jar transforms Thread 137" [_thread_blocked, id=6976, stack(0x0000002d35600000,0x0000002d35700000)]
  0x00000207b91c8000 JavaThread "jar transforms Thread 138" [_thread_blocked, id=31288, stack(0x0000002d35700000,0x0000002d35800000)]
  0x00000207b91c8800 JavaThread "jar transforms Thread 139" [_thread_blocked, id=20924, stack(0x0000002d35800000,0x0000002d35900000)]
  0x00000207b91c9800 JavaThread "jar transforms Thread 140" [_thread_blocked, id=34412, stack(0x0000002d35900000,0x0000002d35a00000)]
  0x00000207b91cf000 JavaThread "jar transforms Thread 141" [_thread_blocked, id=38564, stack(0x0000002d35a00000,0x0000002d35b00000)]
  0x00000207b91cd800 JavaThread "jar transforms Thread 142" [_thread_blocked, id=30520, stack(0x0000002d35b00000,0x0000002d35c00000)]
  0x00000207b91ca800 JavaThread "jar transforms Thread 143" [_thread_blocked, id=7244, stack(0x0000002d35c00000,0x0000002d35d00000)]
  0x00000207b91ce800 JavaThread "jar transforms Thread 144" [_thread_blocked, id=35988, stack(0x0000002d35d00000,0x0000002d35e00000)]
  0x00000207b91cc000 JavaThread "jar transforms Thread 145" [_thread_blocked, id=16104, stack(0x0000002d35e00000,0x0000002d35f00000)]
  0x00000207b91d0000 JavaThread "jar transforms Thread 146" [_thread_blocked, id=33704, stack(0x0000002d35f00000,0x0000002d36000000)]
  0x00000207b91d1000 JavaThread "jar transforms Thread 147" [_thread_blocked, id=14056, stack(0x0000002d36000000,0x0000002d36100000)]
  0x00000207b91cb000 JavaThread "jar transforms Thread 148" [_thread_blocked, id=20340, stack(0x0000002d36100000,0x0000002d36200000)]
  0x00000207b91d3800 JavaThread "jar transforms Thread 149" [_thread_blocked, id=22232, stack(0x0000002d36200000,0x0000002d36300000)]
  0x00000207b91d6000 JavaThread "jar transforms Thread 150" [_thread_blocked, id=35680, stack(0x0000002d36300000,0x0000002d36400000)]
  0x00000207b91d1800 JavaThread "jar transforms Thread 151" [_thread_blocked, id=16960, stack(0x0000002d36400000,0x0000002d36500000)]
  0x00000207b91d2800 JavaThread "jar transforms Thread 152" [_thread_blocked, id=5404, stack(0x0000002d36500000,0x0000002d36600000)]
  0x00000207b91d6800 JavaThread "jar transforms Thread 153" [_thread_blocked, id=19352, stack(0x0000002d36600000,0x0000002d36700000)]
  0x00000207b91d4000 JavaThread "jar transforms Thread 154" [_thread_blocked, id=42812, stack(0x0000002d36700000,0x0000002d36800000)]
  0x00000207b91d5000 JavaThread "jar transforms Thread 155" [_thread_blocked, id=36564, stack(0x0000002d36800000,0x0000002d36900000)]
  0x00000207b8c62000 JavaThread "jar transforms Thread 156" [_thread_blocked, id=39840, stack(0x0000002d36900000,0x0000002d36a00000)]
  0x00000207b8c68800 JavaThread "jar transforms Thread 157" [_thread_blocked, id=28812, stack(0x0000002d36a00000,0x0000002d36b00000)]
  0x00000207b8c67800 JavaThread "jar transforms Thread 158" [_thread_blocked, id=28564, stack(0x0000002d36b00000,0x0000002d36c00000)]
  0x00000207b8c62800 JavaThread "jar transforms Thread 159" [_thread_blocked, id=41860, stack(0x0000002d36c00000,0x0000002d36d00000)]
  0x00000207b8c63800 JavaThread "jar transforms Thread 160" [_thread_blocked, id=29844, stack(0x0000002d36d00000,0x0000002d36e00000)]
  0x00000207b8c65000 JavaThread "jar transforms Thread 161" [_thread_blocked, id=584, stack(0x0000002d36e00000,0x0000002d36f00000)]
  0x00000207b8c66000 JavaThread "jar transforms Thread 162" [_thread_blocked, id=23576, stack(0x0000002d36f00000,0x0000002d37000000)]
  0x00000207b8c64800 JavaThread "jar transforms Thread 163" [_thread_blocked, id=24864, stack(0x0000002d37000000,0x0000002d37100000)]
  0x00000207b8c6c800 JavaThread "jar transforms Thread 164" [_thread_blocked, id=33492, stack(0x0000002d37100000,0x0000002d37200000)]
  0x00000207b8c6b000 JavaThread "jar transforms Thread 165" [_thread_blocked, id=24888, stack(0x0000002d37200000,0x0000002d37300000)]
  0x00000207b8c69000 JavaThread "jar transforms Thread 166" [_thread_blocked, id=10284, stack(0x0000002d37300000,0x0000002d37400000)]
  0x00000207b8c66800 JavaThread "jar transforms Thread 167" [_thread_blocked, id=8332, stack(0x0000002d37400000,0x0000002d37500000)]
  0x00000207b8c6b800 JavaThread "jar transforms Thread 168" [_thread_blocked, id=4408, stack(0x0000002d37500000,0x0000002d37600000)]
  0x00000207b8c6d800 JavaThread "jar transforms Thread 169" [_thread_blocked, id=8056, stack(0x0000002d37600000,0x0000002d37700000)]
  0x00000207b8c6f800 JavaThread "jar transforms Thread 170" [_thread_blocked, id=27180, stack(0x0000002d37700000,0x0000002d37800000)]
  0x00000207b8c6e000 JavaThread "jar transforms Thread 171" [_thread_blocked, id=38840, stack(0x0000002d37800000,0x0000002d37900000)]
  0x00000207b8c6f000 JavaThread "jar transforms Thread 172" [_thread_blocked, id=32380, stack(0x0000002d37900000,0x0000002d37a00000)]
  0x00000207b8c6a000 JavaThread "jar transforms Thread 173" [_thread_blocked, id=10380, stack(0x0000002d37a00000,0x0000002d37b00000)]
  0x00000207b8c70800 JavaThread "jar transforms Thread 174" [_thread_blocked, id=19432, stack(0x0000002d37b00000,0x0000002d37c00000)]
  0x00000207b48b3000 JavaThread "jar transforms Thread 175" [_thread_blocked, id=35244, stack(0x0000002d37c00000,0x0000002d37d00000)]
  0x00000207b48b4800 JavaThread "jar transforms Thread 176" [_thread_blocked, id=34912, stack(0x0000002d37d00000,0x0000002d37e00000)]
  0x00000207b48b2000 JavaThread "jar transforms Thread 177" [_thread_blocked, id=13600, stack(0x0000002d37e00000,0x0000002d37f00000)]
  0x00000207b48b3800 JavaThread "jar transforms Thread 178" [_thread_blocked, id=26696, stack(0x0000002d37f00000,0x0000002d38000000)]
  0x00000207b48b5800 JavaThread "jar transforms Thread 179" [_thread_blocked, id=23840, stack(0x0000002d38000000,0x0000002d38100000)]
  0x00000207b48b1000 JavaThread "jar transforms Thread 180" [_thread_blocked, id=25368, stack(0x0000002d38100000,0x0000002d38200000)]
  0x00000207b48b6000 JavaThread "jar transforms Thread 181" [_thread_blocked, id=15728, stack(0x0000002d38200000,0x0000002d38300000)]
  0x00000207b48b7800 JavaThread "jar transforms Thread 182" [_thread_blocked, id=25008, stack(0x0000002d38300000,0x0000002d38400000)]
  0x00000207b48b8800 JavaThread "jar transforms Thread 183" [_thread_blocked, id=27640, stack(0x0000002d38400000,0x0000002d38500000)]
  0x00000207b48bc000 JavaThread "jar transforms Thread 184" [_thread_blocked, id=9092, stack(0x0000002d38500000,0x0000002d38600000)]
  0x00000207b48ba000 JavaThread "jar transforms Thread 185" [_thread_blocked, id=37636, stack(0x0000002d38600000,0x0000002d38700000)]
  0x00000207b48b9800 JavaThread "jar transforms Thread 186" [_thread_blocked, id=41584, stack(0x0000002d38700000,0x0000002d38800000)]
  0x00000207b48bb000 JavaThread "jar transforms Thread 187" [_thread_blocked, id=38300, stack(0x0000002d38800000,0x0000002d38900000)]
  0x00000207b48bc800 JavaThread "jar transforms Thread 188" [_thread_blocked, id=32272, stack(0x0000002d38900000,0x0000002d38a00000)]
  0x00000207b48b7000 JavaThread "jar transforms Thread 189" [_thread_blocked, id=31960, stack(0x0000002d38a00000,0x0000002d38b00000)]
  0x00000207b48bd800 JavaThread "jar transforms Thread 190" [_thread_blocked, id=15680, stack(0x0000002d38b00000,0x0000002d38c00000)]
  0x00000207b48be800 JavaThread "jar transforms Thread 191" [_thread_blocked, id=18580, stack(0x0000002d38c00000,0x0000002d38d00000)]
  0x00000207b48bf000 JavaThread "jar transforms Thread 192" [_thread_blocked, id=40928, stack(0x0000002d38d00000,0x0000002d38e00000)]
  0x00000207b48c0000 JavaThread "jar transforms Thread 193" [_thread_blocked, id=40832, stack(0x0000002d38e00000,0x0000002d38f00000)]
  0x00000207bd4ea800 JavaThread "jar transforms Thread 194" [_thread_blocked, id=11272, stack(0x0000002d38f00000,0x0000002d39000000)]
  0x00000207bd4eb000 JavaThread "build event listener" [_thread_blocked, id=29440, stack(0x0000002d39000000,0x0000002d39100000)]
  0x00000207bd4e8000 JavaThread "build event listener" [_thread_blocked, id=20108, stack(0x0000002d39100000,0x0000002d39200000)]
  0x00000207bd4ec000 JavaThread "Execution worker for ':'" [_thread_blocked, id=42436, stack(0x0000002d39200000,0x0000002d39300000)]
  0x00000207bd4e8800 JavaThread "Execution worker for ':' Thread 2" [_thread_blocked, id=39976, stack(0x0000002d39300000,0x0000002d39400000)]
  0x00000207bd4ee800 JavaThread "Execution worker for ':' Thread 3" [_thread_blocked, id=28412, stack(0x0000002d39400000,0x0000002d39500000)]
  0x00000207bd4ed800 JavaThread "Cache worker for execution history cache (Z:\Project Telkom\.gradle\6.7.1\executionHistory)" [_thread_blocked, id=3424, stack(0x0000002d39600000,0x0000002d39700000)]
  0x00000207b5607800 JavaThread "C2 CompilerThread1" daemon [_thread_in_native, id=19884, stack(0x0000002d32800000,0x0000002d32900000)]

Other Threads:
  0x00000207b30ff800 VMThread "VM Thread" [stack: 0x0000002d30b00000,0x0000002d30c00000] [id=33960]
  0x00000207b3bd3800 WatcherThread [stack: 0x0000002d31500000,0x0000002d31600000] [id=20620]
  0x00000207996b8000 GCTaskThread "GC Thread#0" [stack: 0x0000002d30600000,0x0000002d30700000] [id=26236]
  0x00000207b435b000 GCTaskThread "GC Thread#1" [stack: 0x0000002d31700000,0x0000002d31800000] [id=3844]
  0x00000207b45fa800 GCTaskThread "GC Thread#2" [stack: 0x0000002d31800000,0x0000002d31900000] [id=39768]
  0x00000207b5a8e000 GCTaskThread "GC Thread#3" [stack: 0x0000002d32400000,0x0000002d32500000] [id=14312]
  0x00000207996e9000 ConcurrentGCThread "G1 Main Marker" [stack: 0x0000002d30700000,0x0000002d30800000] [id=31584]
  0x00000207996eb000 ConcurrentGCThread "G1 Conc#0" [stack: 0x0000002d30800000,0x0000002d30900000] [id=33692]
  0x00000207b2f50800 ConcurrentGCThread "G1 Refine#0" [stack: 0x0000002d30900000,0x0000002d30a00000] [id=15708]
  0x00000207b2f51800 ConcurrentGCThread "G1 Young RemSet Sampling" [stack: 0x0000002d30a00000,0x0000002d30b00000] [id=27048]

Threads with active compile tasks:
C2 CompilerThread02351153 16392   !   4       java.nio.file.Files::walkFileTree (294 bytes)
C2 CompilerThread12351153 16410   !   4       java.nio.file.FileTreeWalker::next (144 bytes)

VM state:not at safepoint (normal execution)

VM Mutex/Monitor currently owned by a thread: None

Heap address: 0x0000000080000000, size: 2048 MB, Compressed Oops mode: 32-bit
Narrow klass base: 0x0000000000000000, Narrow klass shift: 3
Compressed class space size: 1073741824 Address: 0x0000000100000000

Heap:
 garbage-first heap   total 187392K, used 107148K [0x0000000080000000, 0x0000000100000000)
  region size 1024K, 36 young (36864K), 3 survivors (3072K)
 Metaspace       used 114696K, capacity 117552K, committed 117752K, reserved 1150976K
  class space    used 14400K, capacity 15429K, committed 15512K, reserved 1048576K
Heap Regions: E=young(eden), S=young(survivor), O=old, HS=humongous(starts), HC=humongous(continues), CS=collection set, F=free, A=archive, TAMS=top-at-mark-start (previous, next)
|   0|0x0000000080000000, 0x0000000080100000, 0x0000000080100000|100%| O|  |TAMS 0x0000000080100000, 0x0000000080000000| Untracked 
|   1|0x0000000080100000, 0x0000000080200000, 0x0000000080200000|100%| O|  |TAMS 0x0000000080200000, 0x0000000080100000| Untracked 
|   2|0x0000000080200000, 0x0000000080300000, 0x0000000080300000|100%| O|  |TAMS 0x0000000080300000, 0x0000000080200000| Untracked 
|   3|0x0000000080300000, 0x0000000080400000, 0x0000000080400000|100%|HS|  |TAMS 0x0000000080400000, 0x0000000080300000| Complete 
|   4|0x0000000080400000, 0x0000000080500000, 0x0000000080500000|100%|HC|  |TAMS 0x0000000080500000, 0x0000000080400000| Complete 
|   5|0x0000000080500000, 0x0000000080600000, 0x0000000080600000|100%|HC|  |TAMS 0x0000000080600000, 0x0000000080500000| Complete 
|   6|0x0000000080600000, 0x0000000080700000, 0x0000000080700000|100%| O|  |TAMS 0x0000000080700000, 0x0000000080600000| Untracked 
|   7|0x0000000080700000, 0x0000000080800000, 0x0000000080800000|100%| O|  |TAMS 0x0000000080800000, 0x0000000080700000| Untracked 
|   8|0x0000000080800000, 0x0000000080900000, 0x0000000080900000|100%| O|  |TAMS 0x0000000080900000, 0x0000000080800000| Untracked 
|   9|0x0000000080900000, 0x0000000080a00000, 0x0000000080a00000|100%| O|  |TAMS 0x0000000080a00000, 0x0000000080900000| Untracked 
|  10|0x0000000080a00000, 0x0000000080b00000, 0x0000000080b00000|100%| O|  |TAMS 0x0000000080b00000, 0x0000000080a00000| Untracked 
|  11|0x0000000080b00000, 0x0000000080c00000, 0x0000000080c00000|100%| O|  |TAMS 0x0000000080c00000, 0x0000000080b00000| Untracked 
|  12|0x0000000080c00000, 0x0000000080d00000, 0x0000000080d00000|100%| O|  |TAMS 0x0000000080d00000, 0x0000000080c00000| Untracked 
|  13|0x0000000080d00000, 0x0000000080e00000, 0x0000000080e00000|100%| O|  |TAMS 0x0000000080e00000, 0x0000000080d00000| Untracked 
|  14|0x0000000080e00000, 0x0000000080f00000, 0x0000000080f00000|100%| O|  |TAMS 0x0000000080f00000, 0x0000000080e00000| Untracked 
|  15|0x0000000080f00000, 0x0000000081000000, 0x0000000081000000|100%| O|  |TAMS 0x0000000081000000, 0x0000000080f00000| Untracked 
|  16|0x0000000081000000, 0x0000000081100000, 0x0000000081100000|100%|HS|  |TAMS 0x0000000081100000, 0x0000000081000000| Complete 
|  17|0x0000000081100000, 0x0000000081200000, 0x0000000081200000|100%|HS|  |TAMS 0x0000000081200000, 0x0000000081100000| Complete 
|  18|0x0000000081200000, 0x0000000081300000, 0x0000000081300000|100%|HC|  |TAMS 0x0000000081300000, 0x0000000081200000| Complete 
|  19|0x0000000081300000, 0x0000000081400000, 0x0000000081400000|100%| O|  |TAMS 0x0000000081400000, 0x0000000081300000| Untracked 
|  20|0x0000000081400000, 0x0000000081500000, 0x0000000081500000|100%| O|  |TAMS 0x0000000081500000, 0x0000000081400000| Untracked 
|  21|0x0000000081500000, 0x0000000081600000, 0x0000000081600000|100%| O|  |TAMS 0x0000000081600000, 0x0000000081500000| Untracked 
|  22|0x0000000081600000, 0x0000000081700000, 0x0000000081700000|100%| O|  |TAMS 0x0000000081700000, 0x0000000081600000| Untracked 
|  23|0x0000000081700000, 0x0000000081800000, 0x0000000081800000|100%| O|  |TAMS 0x0000000081800000, 0x0000000081700000| Untracked 
|  24|0x0000000081800000, 0x0000000081900000, 0x0000000081900000|100%| O|  |TAMS 0x0000000081900000, 0x0000000081800000| Untracked 
|  25|0x0000000081900000, 0x0000000081a00000, 0x0000000081a00000|100%| O|  |TAMS 0x0000000081a00000, 0x0000000081900000| Untracked 
|  26|0x0000000081a00000, 0x0000000081b00000, 0x0000000081b00000|100%| O|  |TAMS 0x0000000081b00000, 0x0000000081a00000| Untracked 
|  27|0x0000000081b00000, 0x0000000081c00000, 0x0000000081c00000|100%| O|  |TAMS 0x0000000081c00000, 0x0000000081b00000| Untracked 
|  28|0x0000000081c00000, 0x0000000081d00000, 0x0000000081d00000|100%| O|  |TAMS 0x0000000081d00000, 0x0000000081c00000| Untracked 
|  29|0x0000000081d00000, 0x0000000081e00000, 0x0000000081e00000|100%| O|  |TAMS 0x0000000081e00000, 0x0000000081d00000| Untracked 
|  30|0x0000000081e00000, 0x0000000081f00000, 0x0000000081f00000|100%| O|  |TAMS 0x0000000081f00000, 0x0000000081e00000| Untracked 
|  31|0x0000000081f00000, 0x0000000082000000, 0x0000000082000000|100%| O|  |TAMS 0x0000000082000000, 0x0000000081f00000| Untracked 
|  32|0x0000000082000000, 0x0000000082100000, 0x0000000082100000|100%| O|  |TAMS 0x0000000082100000, 0x0000000082000000| Untracked 
|  33|0x0000000082100000, 0x0000000082200000, 0x0000000082200000|100%| O|  |TAMS 0x0000000082200000, 0x0000000082100000| Untracked 
|  34|0x0000000082200000, 0x0000000082300000, 0x0000000082300000|100%| O|  |TAMS 0x0000000082300000, 0x0000000082200000| Untracked 
|  35|0x0000000082300000, 0x0000000082400000, 0x0000000082400000|100%| O|  |TAMS 0x0000000082400000, 0x0000000082300000| Untracked 
|  36|0x0000000082400000, 0x0000000082500000, 0x0000000082500000|100%| O|  |TAMS 0x0000000082500000, 0x0000000082400000| Untracked 
|  37|0x0000000082500000, 0x0000000082600000, 0x0000000082600000|100%| O|  |TAMS 0x0000000082600000, 0x0000000082500000| Untracked 
|  38|0x0000000082600000, 0x0000000082700000, 0x0000000082700000|100%| O|  |TAMS 0x0000000082700000, 0x0000000082600000| Untracked 
|  39|0x0000000082700000, 0x0000000082800000, 0x0000000082800000|100%| O|  |TAMS 0x0000000082800000, 0x0000000082700000| Untracked 
|  40|0x0000000082800000, 0x0000000082900000, 0x0000000082900000|100%| O|  |TAMS 0x0000000082900000, 0x0000000082800000| Untracked 
|  41|0x0000000082900000, 0x0000000082a00000, 0x0000000082a00000|100%| O|  |TAMS 0x0000000082a00000, 0x0000000082900000| Untracked 
|  42|0x0000000082a00000, 0x0000000082b00000, 0x0000000082b00000|100%| O|  |TAMS 0x0000000082b00000, 0x0000000082a00000| Untracked 
|  43|0x0000000082b00000, 0x0000000082c00000, 0x0000000082c00000|100%| O|  |TAMS 0x0000000082c00000, 0x0000000082b00000| Untracked 
|  44|0x0000000082c00000, 0x0000000082d00000, 0x0000000082d00000|100%| O|  |TAMS 0x0000000082d00000, 0x0000000082c00000| Untracked 
|  45|0x0000000082d00000, 0x0000000082e00000, 0x0000000082e00000|100%| O|  |TAMS 0x0000000082e00000, 0x0000000082d00000| Untracked 
|  46|0x0000000082e00000, 0x0000000082f00000, 0x0000000082f00000|100%| O|  |TAMS 0x0000000082f00000, 0x0000000082e00000| Untracked 
|  47|0x0000000082f00000, 0x0000000083000000, 0x0000000083000000|100%| O|  |TAMS 0x0000000083000000, 0x0000000082f00000| Untracked 
|  48|0x0000000083000000, 0x0000000083100000, 0x0000000083100000|100%| O|  |TAMS 0x0000000083100000, 0x0000000083000000| Untracked 
|  49|0x0000000083100000, 0x0000000083200000, 0x0000000083200000|100%| O|  |TAMS 0x0000000083200000, 0x0000000083100000| Untracked 
|  50|0x0000000083200000, 0x0000000083300000, 0x0000000083300000|100%| O|  |TAMS 0x0000000083300000, 0x0000000083200000| Untracked 
|  51|0x0000000083300000, 0x0000000083400000, 0x0000000083400000|100%| O|  |TAMS 0x0000000083400000, 0x0000000083300000| Untracked 
|  52|0x0000000083400000, 0x0000000083500000, 0x0000000083500000|100%| O|  |TAMS 0x0000000083500000, 0x0000000083400000| Untracked 
|  53|0x0000000083500000, 0x0000000083600000, 0x0000000083600000|100%| O|  |TAMS 0x0000000083600000, 0x0000000083500000| Untracked 
|  54|0x0000000083600000, 0x0000000083700000, 0x0000000083700000|100%| O|  |TAMS 0x0000000083700000, 0x0000000083600000| Untracked 
|  55|0x0000000083700000, 0x0000000083800000, 0x0000000083800000|100%| O|  |TAMS 0x0000000083800000, 0x0000000083700000| Untracked 
|  56|0x0000000083800000, 0x0000000083900000, 0x0000000083900000|100%| O|  |TAMS 0x0000000083900000, 0x0000000083800000| Untracked 
|  57|0x0000000083900000, 0x0000000083a00000, 0x0000000083a00000|100%| O|  |TAMS 0x0000000083a00000, 0x0000000083900000| Untracked 
|  58|0x0000000083a00000, 0x0000000083b00000, 0x0000000083b00000|100%| O|  |TAMS 0x0000000083b00000, 0x0000000083a00000| Untracked 
|  59|0x0000000083b00000, 0x0000000083c00000, 0x0000000083c00000|100%| O|  |TAMS 0x0000000083c00000, 0x0000000083b00000| Untracked 
|  60|0x0000000083c00000, 0x0000000083d00000, 0x0000000083d00000|100%| O|  |TAMS 0x0000000083d00000, 0x0000000083c00000| Untracked 
|  61|0x0000000083d00000, 0x0000000083e00000, 0x0000000083e00000|100%| O|  |TAMS 0x0000000083e00000, 0x0000000083d00000| Untracked 
|  62|0x0000000083e00000, 0x0000000083f00000, 0x0000000083f00000|100%| O|  |TAMS 0x0000000083f00000, 0x0000000083e00000| Untracked 
|  63|0x0000000083f00000, 0x0000000084000000, 0x0000000084000000|100%| O|  |TAMS 0x0000000084000000, 0x0000000083f00000| Untracked 
|  64|0x0000000084000000, 0x0000000084100000, 0x0000000084100000|100%| O|  |TAMS 0x0000000084100000, 0x0000000084000000| Untracked 
|  65|0x0000000084100000, 0x0000000084100000, 0x0000000084200000|  0%| F|  |TAMS 0x0000000084100000, 0x0000000084100000| Untracked 
|  66|0x0000000084200000, 0x0000000084200000, 0x0000000084300000|  0%| F|  |TAMS 0x0000000084200000, 0x0000000084200000| Untracked 
|  67|0x0000000084300000, 0x0000000084400000, 0x0000000084400000|100%| O|  |TAMS 0x0000000084400000, 0x0000000084300000| Untracked 
|  68|0x0000000084400000, 0x0000000084500000, 0x0000000084500000|100%| O|  |TAMS 0x0000000084500000, 0x0000000084400000| Untracked 
|  69|0x0000000084500000, 0x0000000084600000, 0x0000000084600000|100%| O|  |TAMS 0x0000000084600000, 0x0000000084500000| Untracked 
|  70|0x0000000084600000, 0x0000000084700000, 0x0000000084700000|100%| O|  |TAMS 0x00000000846a9000, 0x0000000084600000| Untracked 
|  71|0x0000000084700000, 0x0000000084700000, 0x0000000084800000|  0%| F|  |TAMS 0x0000000084700000, 0x0000000084700000| Untracked 
|  72|0x0000000084800000, 0x0000000084800000, 0x0000000084900000|  0%| F|  |TAMS 0x0000000084800000, 0x0000000084800000| Untracked 
|  73|0x0000000084900000, 0x0000000084900000, 0x0000000084a00000|  0%| F|  |TAMS 0x0000000084900000, 0x0000000084900000| Untracked 
|  74|0x0000000084a00000, 0x0000000084a00000, 0x0000000084b00000|  0%| F|  |TAMS 0x0000000084a00000, 0x0000000084a00000| Untracked 
|  75|0x0000000084b00000, 0x0000000084b00000, 0x0000000084c00000|  0%| F|  |TAMS 0x0000000084b00000, 0x0000000084b00000| Untracked 
|  76|0x0000000084c00000, 0x0000000084c00000, 0x0000000084d00000|  0%| F|  |TAMS 0x0000000084c00000, 0x0000000084c00000| Untracked 
|  77|0x0000000084d00000, 0x0000000084d00000, 0x0000000084e00000|  0%| F|  |TAMS 0x0000000084d00000, 0x0000000084d00000| Untracked 
|  78|0x0000000084e00000, 0x0000000084e00000, 0x0000000084f00000|  0%| F|  |TAMS 0x0000000084e00000, 0x0000000084e00000| Untracked 
|  79|0x0000000084f00000, 0x0000000085000000, 0x0000000085000000|100%| O|  |TAMS 0x0000000084f00000, 0x0000000084f00000| Untracked 
|  80|0x0000000085000000, 0x0000000085100000, 0x0000000085100000|100%| O|  |TAMS 0x0000000085000000, 0x0000000085000000| Untracked 
|  81|0x0000000085100000, 0x000000008514f800, 0x0000000085200000| 31%| O|  |TAMS 0x0000000085100000, 0x0000000085100000| Untracked 
|  82|0x0000000085200000, 0x0000000085200000, 0x0000000085300000|  0%| F|  |TAMS 0x0000000085200000, 0x0000000085200000| Untracked 
|  83|0x0000000085300000, 0x0000000085300000, 0x0000000085400000|  0%| F|  |TAMS 0x0000000085300000, 0x0000000085300000| Untracked 
|  84|0x0000000085400000, 0x0000000085400000, 0x0000000085500000|  0%| F|  |TAMS 0x0000000085400000, 0x0000000085400000| Untracked 
|  85|0x0000000085500000, 0x0000000085500000, 0x0000000085600000|  0%| F|  |TAMS 0x0000000085500000, 0x0000000085500000| Untracked 
|  86|0x0000000085600000, 0x0000000085600000, 0x0000000085700000|  0%| F|  |TAMS 0x0000000085600000, 0x0000000085600000| Untracked 
|  87|0x0000000085700000, 0x0000000085700000, 0x0000000085800000|  0%| F|  |TAMS 0x0000000085700000, 0x0000000085700000| Untracked 
|  88|0x0000000085800000, 0x0000000085800000, 0x0000000085900000|  0%| F|  |TAMS 0x0000000085800000, 0x0000000085800000| Untracked 
|  89|0x0000000085900000, 0x0000000085900000, 0x0000000085a00000|  0%| F|  |TAMS 0x0000000085900000, 0x0000000085900000| Untracked 
|  90|0x0000000085a00000, 0x0000000085a00000, 0x0000000085b00000|  0%| F|  |TAMS 0x0000000085a00000, 0x0000000085a00000| Untracked 
|  91|0x0000000085b00000, 0x0000000085b00000, 0x0000000085c00000|  0%| F|  |TAMS 0x0000000085b00000, 0x0000000085b00000| Untracked 
|  92|0x0000000085c00000, 0x0000000085c00000, 0x0000000085d00000|  0%| F|  |TAMS 0x0000000085c00000, 0x0000000085c00000| Untracked 
|  93|0x0000000085d00000, 0x0000000085d00000, 0x0000000085e00000|  0%| F|  |TAMS 0x0000000085d00000, 0x0000000085d00000| Untracked 
|  94|0x0000000085e00000, 0x0000000085e00000, 0x0000000085f00000|  0%| F|  |TAMS 0x0000000085e00000, 0x0000000085e00000| Untracked 
|  95|0x0000000085f00000, 0x0000000085f00000, 0x0000000086000000|  0%| F|  |TAMS 0x0000000085f00000, 0x0000000085f00000| Untracked 
|  96|0x0000000086000000, 0x0000000086000000, 0x0000000086100000|  0%| F|  |TAMS 0x0000000086000000, 0x0000000086000000| Untracked 
|  97|0x0000000086100000, 0x0000000086100000, 0x0000000086200000|  0%| F|  |TAMS 0x0000000086100000, 0x0000000086100000| Untracked 
|  98|0x0000000086200000, 0x0000000086200000, 0x0000000086300000|  0%| F|  |TAMS 0x0000000086200000, 0x0000000086200000| Untracked 
|  99|0x0000000086300000, 0x0000000086300000, 0x0000000086400000|  0%| F|  |TAMS 0x0000000086300000, 0x0000000086300000| Untracked 
| 100|0x0000000086400000, 0x0000000086400000, 0x0000000086500000|  0%| F|  |TAMS 0x0000000086400000, 0x0000000086400000| Untracked 
| 101|0x0000000086500000, 0x0000000086500000, 0x0000000086600000|  0%| F|  |TAMS 0x0000000086500000, 0x0000000086500000| Untracked 
| 102|0x0000000086600000, 0x0000000086600000, 0x0000000086700000|  0%| F|  |TAMS 0x0000000086600000, 0x0000000086600000| Untracked 
| 103|0x0000000086700000, 0x0000000086700000, 0x0000000086800000|  0%| F|  |TAMS 0x0000000086700000, 0x0000000086700000| Untracked 
| 104|0x0000000086800000, 0x0000000086800000, 0x0000000086900000|  0%| F|  |TAMS 0x0000000086800000, 0x0000000086800000| Untracked 
| 105|0x0000000086900000, 0x0000000086900000, 0x0000000086a00000|  0%| F|  |TAMS 0x0000000086900000, 0x0000000086900000| Untracked 
| 106|0x0000000086a00000, 0x0000000086a00000, 0x0000000086b00000|  0%| F|  |TAMS 0x0000000086a00000, 0x0000000086a00000| Untracked 
| 107|0x0000000086b00000, 0x0000000086b53930, 0x0000000086c00000| 32%| S|CS|TAMS 0x0000000086b00000, 0x0000000086b00000| Complete 
| 108|0x0000000086c00000, 0x0000000086d00000, 0x0000000086d00000|100%| S|CS|TAMS 0x0000000086c00000, 0x0000000086c00000| Complete 
| 109|0x0000000086d00000, 0x0000000086e00000, 0x0000000086e00000|100%| S|CS|TAMS 0x0000000086d00000, 0x0000000086d00000| Complete 
| 110|0x0000000086e00000, 0x0000000086e00000, 0x0000000086f00000|  0%| F|  |TAMS 0x0000000086e00000, 0x0000000086e00000| Untracked 
| 111|0x0000000086f00000, 0x0000000086f00000, 0x0000000087000000|  0%| F|  |TAMS 0x0000000086f00000, 0x0000000086f00000| Untracked 
| 112|0x0000000087000000, 0x0000000087000000, 0x0000000087100000|  0%| F|  |TAMS 0x0000000087000000, 0x0000000087000000| Untracked 
| 113|0x0000000087100000, 0x0000000087100000, 0x0000000087200000|  0%| F|  |TAMS 0x0000000087100000, 0x0000000087100000| Untracked 
| 114|0x0000000087200000, 0x0000000087200000, 0x0000000087300000|  0%| F|  |TAMS 0x0000000087200000, 0x0000000087200000| Untracked 
| 115|0x0000000087300000, 0x0000000087300000, 0x0000000087400000|  0%| F|  |TAMS 0x0000000087300000, 0x0000000087300000| Untracked 
| 116|0x0000000087400000, 0x0000000087400000, 0x0000000087500000|  0%| F|  |TAMS 0x0000000087400000, 0x0000000087400000| Untracked 
| 117|0x0000000087500000, 0x0000000087500000, 0x0000000087600000|  0%| F|  |TAMS 0x0000000087500000, 0x0000000087500000| Untracked 
| 118|0x0000000087600000, 0x0000000087600000, 0x0000000087700000|  0%| F|  |TAMS 0x0000000087600000, 0x0000000087600000| Untracked 
| 119|0x0000000087700000, 0x0000000087700000, 0x0000000087800000|  0%| F|  |TAMS 0x0000000087700000, 0x0000000087700000| Untracked 
| 120|0x0000000087800000, 0x0000000087800000, 0x0000000087900000|  0%| F|  |TAMS 0x0000000087800000, 0x0000000087800000| Untracked 
| 121|0x0000000087900000, 0x0000000087900000, 0x0000000087a00000|  0%| F|  |TAMS 0x0000000087900000, 0x0000000087900000| Untracked 
| 122|0x0000000087a00000, 0x0000000087a00000, 0x0000000087b00000|  0%| F|  |TAMS 0x0000000087a00000, 0x0000000087a00000| Untracked 
| 123|0x0000000087b00000, 0x0000000087b00000, 0x0000000087c00000|  0%| F|  |TAMS 0x0000000087b00000, 0x0000000087b00000| Untracked 
| 124|0x0000000087c00000, 0x0000000087c00000, 0x0000000087d00000|  0%| F|  |TAMS 0x0000000087c00000, 0x0000000087c00000| Untracked 
| 125|0x0000000087d00000, 0x0000000087d00000, 0x0000000087e00000|  0%| F|  |TAMS 0x0000000087d00000, 0x0000000087d00000| Untracked 
| 126|0x0000000087e00000, 0x0000000087e00000, 0x0000000087f00000|  0%| F|  |TAMS 0x0000000087e00000, 0x0000000087e00000| Untracked 
| 127|0x0000000087f00000, 0x0000000087f00000, 0x0000000088000000|  0%| F|  |TAMS 0x0000000087f00000, 0x0000000087f00000| Untracked 
| 128|0x0000000088000000, 0x0000000088000000, 0x0000000088100000|  0%| F|  |TAMS 0x0000000088000000, 0x0000000088000000| Untracked 
| 129|0x0000000088100000, 0x0000000088100000, 0x0000000088200000|  0%| F|  |TAMS 0x0000000088100000, 0x0000000088100000| Untracked 
| 130|0x0000000088200000, 0x0000000088200000, 0x0000000088300000|  0%| F|  |TAMS 0x0000000088200000, 0x0000000088200000| Untracked 
| 131|0x0000000088300000, 0x0000000088300000, 0x0000000088400000|  0%| F|  |TAMS 0x0000000088300000, 0x0000000088300000| Untracked 
| 132|0x0000000088400000, 0x0000000088400000, 0x0000000088500000|  0%| F|  |TAMS 0x0000000088400000, 0x0000000088400000| Untracked 
| 133|0x0000000088500000, 0x0000000088500000, 0x0000000088600000|  0%| F|  |TAMS 0x0000000088500000, 0x0000000088500000| Untracked 
| 134|0x0000000088600000, 0x0000000088600000, 0x0000000088700000|  0%| F|  |TAMS 0x0000000088600000, 0x0000000088600000| Untracked 
| 135|0x0000000088700000, 0x0000000088700000, 0x0000000088800000|  0%| F|  |TAMS 0x0000000088700000, 0x0000000088700000| Untracked 
| 136|0x0000000088800000, 0x0000000088800000, 0x0000000088900000|  0%| F|  |TAMS 0x0000000088800000, 0x0000000088800000| Untracked 
| 137|0x0000000088900000, 0x0000000088900000, 0x0000000088a00000|  0%| F|  |TAMS 0x0000000088900000, 0x0000000088900000| Untracked 
| 138|0x0000000088a00000, 0x0000000088a00000, 0x0000000088b00000|  0%| F|  |TAMS 0x0000000088a00000, 0x0000000088a00000| Untracked 
| 139|0x0000000088b00000, 0x0000000088b00000, 0x0000000088c00000|  0%| F|  |TAMS 0x0000000088b00000, 0x0000000088b00000| Untracked 
| 140|0x0000000088c00000, 0x0000000088c00000, 0x0000000088d00000|  0%| F|  |TAMS 0x0000000088c00000, 0x0000000088c00000| Untracked 
| 141|0x0000000088d00000, 0x0000000088d00000, 0x0000000088e00000|  0%| F|  |TAMS 0x0000000088d00000, 0x0000000088d00000| Untracked 
| 142|0x0000000088e00000, 0x0000000088e00000, 0x0000000088f00000|  0%| F|  |TAMS 0x0000000088e00000, 0x0000000088e00000| Untracked 
| 143|0x0000000088f00000, 0x0000000088f00000, 0x0000000089000000|  0%| F|  |TAMS 0x0000000088f00000, 0x0000000088f00000| Untracked 
| 144|0x0000000089000000, 0x0000000089000000, 0x0000000089100000|  0%| F|  |TAMS 0x0000000089000000, 0x0000000089000000| Untracked 
| 145|0x0000000089100000, 0x0000000089100000, 0x0000000089200000|  0%| F|  |TAMS 0x0000000089100000, 0x0000000089100000| Untracked 
| 146|0x0000000089200000, 0x0000000089200000, 0x0000000089300000|  0%| F|  |TAMS 0x0000000089200000, 0x0000000089200000| Untracked 
| 147|0x0000000089300000, 0x0000000089300000, 0x0000000089400000|  0%| F|  |TAMS 0x0000000089300000, 0x0000000089300000| Untracked 
| 148|0x0000000089400000, 0x0000000089400000, 0x0000000089500000|  0%| F|  |TAMS 0x0000000089400000, 0x0000000089400000| Untracked 
| 149|0x0000000089500000, 0x0000000089500000, 0x0000000089600000|  0%| F|  |TAMS 0x0000000089500000, 0x0000000089500000| Untracked 
| 150|0x0000000089600000, 0x00000000896eeb98, 0x0000000089700000| 93%| E|  |TAMS 0x0000000089600000, 0x0000000089600000| Complete 
| 151|0x0000000089700000, 0x0000000089800000, 0x0000000089800000|100%| E|CS|TAMS 0x0000000089700000, 0x0000000089700000| Complete 
| 152|0x0000000089800000, 0x0000000089900000, 0x0000000089900000|100%| E|CS|TAMS 0x0000000089800000, 0x0000000089800000| Complete 
| 153|0x0000000089900000, 0x0000000089a00000, 0x0000000089a00000|100%| E|CS|TAMS 0x0000000089900000, 0x0000000089900000| Complete 
| 154|0x0000000089a00000, 0x0000000089b00000, 0x0000000089b00000|100%| E|CS|TAMS 0x0000000089a00000, 0x0000000089a00000| Complete 
| 155|0x0000000089b00000, 0x0000000089c00000, 0x0000000089c00000|100%| E|CS|TAMS 0x0000000089b00000, 0x0000000089b00000| Complete 
| 156|0x0000000089c00000, 0x0000000089d00000, 0x0000000089d00000|100%| E|CS|TAMS 0x0000000089c00000, 0x0000000089c00000| Complete 
| 157|0x0000000089d00000, 0x0000000089e00000, 0x0000000089e00000|100%| E|CS|TAMS 0x0000000089d00000, 0x0000000089d00000| Complete 
| 158|0x0000000089e00000, 0x0000000089f00000, 0x0000000089f00000|100%| E|  |TAMS 0x0000000089e00000, 0x0000000089e00000| Complete 
| 159|0x0000000089f00000, 0x000000008a000000, 0x000000008a000000|100%| E|CS|TAMS 0x0000000089f00000, 0x0000000089f00000| Complete 
| 160|0x000000008a000000, 0x000000008a100000, 0x000000008a100000|100%| E|CS|TAMS 0x000000008a000000, 0x000000008a000000| Complete 
| 161|0x000000008a100000, 0x000000008a200000, 0x000000008a200000|100%| E|CS|TAMS 0x000000008a100000, 0x000000008a100000| Complete 
| 162|0x000000008a200000, 0x000000008a300000, 0x000000008a300000|100%| E|CS|TAMS 0x000000008a200000, 0x000000008a200000| Complete 
| 163|0x000000008a300000, 0x000000008a400000, 0x000000008a400000|100%| E|CS|TAMS 0x000000008a300000, 0x000000008a300000| Complete 
| 164|0x000000008a400000, 0x000000008a500000, 0x000000008a500000|100%| E|CS|TAMS 0x000000008a400000, 0x000000008a400000| Complete 
| 165|0x000000008a500000, 0x000000008a600000, 0x000000008a600000|100%| E|CS|TAMS 0x000000008a500000, 0x000000008a500000| Complete 
| 166|0x000000008a600000, 0x000000008a700000, 0x000000008a700000|100%| E|CS|TAMS 0x000000008a600000, 0x000000008a600000| Complete 
| 167|0x000000008a700000, 0x000000008a800000, 0x000000008a800000|100%| E|CS|TAMS 0x000000008a700000, 0x000000008a700000| Complete 
| 168|0x000000008a800000, 0x000000008a900000, 0x000000008a900000|100%| E|CS|TAMS 0x000000008a800000, 0x000000008a800000| Complete 
| 169|0x000000008a900000, 0x000000008aa00000, 0x000000008aa00000|100%| E|CS|TAMS 0x000000008a900000, 0x000000008a900000| Complete 
| 170|0x000000008aa00000, 0x000000008ab00000, 0x000000008ab00000|100%| E|CS|TAMS 0x000000008aa00000, 0x000000008aa00000| Complete 
| 171|0x000000008ab00000, 0x000000008ac00000, 0x000000008ac00000|100%| E|CS|TAMS 0x000000008ab00000, 0x000000008ab00000| Complete 
| 172|0x000000008ac00000, 0x000000008ad00000, 0x000000008ad00000|100%| E|CS|TAMS 0x000000008ac00000, 0x000000008ac00000| Complete 
| 173|0x000000008ad00000, 0x000000008ae00000, 0x000000008ae00000|100%| E|CS|TAMS 0x000000008ad00000, 0x000000008ad00000| Complete 
| 174|0x000000008ae00000, 0x000000008af00000, 0x000000008af00000|100%| E|CS|TAMS 0x000000008ae00000, 0x000000008ae00000| Complete 
| 175|0x000000008af00000, 0x000000008b000000, 0x000000008b000000|100%| E|CS|TAMS 0x000000008af00000, 0x000000008af00000| Complete 
| 176|0x000000008b000000, 0x000000008b100000, 0x000000008b100000|100%| E|CS|TAMS 0x000000008b000000, 0x000000008b000000| Complete 
| 177|0x000000008b100000, 0x000000008b200000, 0x000000008b200000|100%| E|CS|TAMS 0x000000008b100000, 0x000000008b100000| Complete 
| 178|0x000000008b200000, 0x000000008b300000, 0x000000008b300000|100%| E|CS|TAMS 0x000000008b200000, 0x000000008b200000| Complete 
| 179|0x000000008b300000, 0x000000008b400000, 0x000000008b400000|100%| E|CS|TAMS 0x000000008b300000, 0x000000008b300000| Complete 
| 180|0x000000008b400000, 0x000000008b500000, 0x000000008b500000|100%| E|CS|TAMS 0x000000008b400000, 0x000000008b400000| Complete 
| 181|0x000000008b500000, 0x000000008b600000, 0x000000008b600000|100%| E|CS|TAMS 0x000000008b500000, 0x000000008b500000| Complete 
| 182|0x000000008b600000, 0x000000008b700000, 0x000000008b700000|100%| E|CS|TAMS 0x000000008b600000, 0x000000008b600000| Complete 

Card table byte_map: [0x00000207ac410000,0x00000207ac810000] _byte_map_base: 0x00000207ac010000

Marking Bits (Prev, Next): (CMBitMap*) 0x00000207996df180, (CMBitMap*) 0x00000207996df148
 Prev Bits: [0x00000207aec10000, 0x00000207b0c10000)
 Next Bits: [0x00000207acc10000, 0x00000207aec10000)

Polling page: 0x0000020797830000

Metaspace:

Usage:
  Non-class:     99.73 MB capacity,    97.95 MB ( 98%) used,     1.45 MB (  1%) free+waste,   339.56 KB ( <1%) overhead. 
      Class:     15.07 MB capacity,    14.06 MB ( 93%) used,   875.80 KB (  6%) free+waste,   152.75 KB ( <1%) overhead. 
       Both:    114.80 MB capacity,   112.01 MB ( 98%) used,     2.31 MB (  2%) free+waste,   492.31 KB ( <1%) overhead. 

Virtual space:
  Non-class space:      100.00 MB reserved,      99.84 MB (>99%) committed 
      Class space:        1.00 GB reserved,      15.15 MB (  1%) committed 
             Both:        1.10 GB reserved,     114.99 MB ( 10%) committed 

Chunk freelists:
   Non-Class:  53.00 KB
       Class:  0 bytes
        Both:  53.00 KB

MaxMetaspaceSize: 17179869184.00 GB
CompressedClassSpaceSize: 1.00 GB

CodeHeap 'non-profiled nmethods': size=120064Kb used=7943Kb max_used=8548Kb free=112120Kb
 bounds [0x00000207a4ad0000, 0x00000207a5330000, 0x00000207ac010000]
CodeHeap 'profiled nmethods': size=120000Kb used=29841Kb max_used=32950Kb free=90158Kb
 bounds [0x000002079d5a0000, 0x000002079f5e0000, 0x00000207a4ad0000]
CodeHeap 'non-nmethods': size=5696Kb used=2321Kb max_used=2373Kb free=3374Kb
 bounds [0x000002079d010000, 0x000002079d280000, 0x000002079d5a0000]
 total_blobs=14875 nmethods=13938 adapters=846
 compilation: enabled
              stopped_count=0, restarted_count=0
 full_count=0

Compilation events (20 events):
Event: 2350.944 Thread 0x00000207b5607800 nmethod 16404 0x00000207a4dd3490 code [0x00000207a4dd3640, 0x00000207a4dd36e8]
Event: 2350.944 Thread 0x00000207b5607800 16403       4       org.gradle.internal.vfs.impl.DefaultSnapshotHierarchy::getMetadata (44 bytes)
Event: 2350.953 Thread 0x00000207b3129800 16407       3       jdk.internal.misc.Unsafe::allocateMemory (35 bytes)
Event: 2350.953 Thread 0x00000207b3129800 nmethod 16407 0x000002079e06c190 code [0x000002079e06c380, 0x000002079e06c6c8]
Event: 2350.956 Thread 0x00000207b5607800 nmethod 16403 0x00000207a4de4390 code [0x00000207a4de4580, 0x00000207a4de4ab8]
Event: 2350.956 Thread 0x00000207b5607800 16391   !   4       org.gradle.cache.internal.LockOnDemandCrossProcessCacheAccess::withFileLock (24 bytes)
Event: 2350.978 Thread 0x00000207b5607800 nmethod 16391 0x00000207a4df6d90 code [0x00000207a4df7000, 0x00000207a4df78d0]
Event: 2350.979 Thread 0x00000207b5607800 16408       4       sun.nio.fs.WindowsFileAttributes::getFileNameFromFileIdFullDirInformation (62 bytes)
Event: 2350.989 Thread 0x00000207b5607800 nmethod 16408 0x00000207a4de3790 code [0x00000207a4de3960, 0x00000207a4de4038]
Event: 2350.995 Thread 0x00000207b5607800 16409       4       sun.nio.fs.WindowsPath::getFileName (87 bytes)
Event: 2351.010 Thread 0x00000207b3129800 16412       3       org.gradle.internal.execution.steps.CaptureStateBeforeExecutionStep::captureExecutionState (275 bytes)
Event: 2351.023 Thread 0x00000207b5607800 nmethod 16409 0x00000207a4e51e90 code [0x00000207a4e52060, 0x00000207a4e52cd8]
Event: 2351.024 Thread 0x00000207b5607800 16410   !   4       java.nio.file.FileTreeWalker::next (144 bytes)
Event: 2351.033 Thread 0x00000207b3129800 nmethod 16412 0x000002079e5f8610 code [0x000002079e5f8e20, 0x000002079e5fe1f8]
Event: 2351.033 Thread 0x00000207b3129800 16415       3       org.gradle.internal.execution.steps.ResolveCachingStateStep::logDisabledReasons (104 bytes)
Event: 2351.036 Thread 0x00000207b3129800 nmethod 16415 0x000002079e35e910 code [0x000002079e35ec80, 0x000002079e360358]
Event: 2351.036 Thread 0x00000207b3129800 16416       3       org.gradle.internal.execution.steps.SkipUpToDateStep::execute (62 bytes)
Event: 2351.042 Thread 0x00000207b3129800 nmethod 16416 0x000002079e36e610 code [0x000002079e36ea80, 0x000002079e370e08]
Event: 2351.042 Thread 0x00000207b3129800 16418       3       org.gradle.internal.execution.steps.SkipUpToDateStep::lambda$execute$0 (78 bytes)
Event: 2351.043 Thread 0x00000207b3129800 nmethod 16418 0x000002079e154190 code [0x000002079e1544c0, 0x000002079e155948]

GC Heap History (20 events):
Event: 16.161 GC heap before
{Heap before GC invocations=15 (full 0):
 garbage-first heap   total 155648K, used 114280K [0x0000000080000000, 0x0000000100000000)
  region size 1024K, 74 young (75776K), 9 survivors (9216K)
 Metaspace       used 71604K, capacity 73158K, committed 73420K, reserved 1112064K
  class space    used 9403K, capacity 9963K, committed 10060K, reserved 1048576K
}
Event: 16.177 GC heap after
{Heap after GC invocations=16 (full 0):
 garbage-first heap   total 155648K, used 51646K [0x0000000080000000, 0x0000000100000000)
  region size 1024K, 9 young (9216K), 9 survivors (9216K)
 Metaspace       used 71604K, capacity 73158K, committed 73420K, reserved 1112064K
  class space    used 9403K, capacity 9963K, committed 10060K, reserved 1048576K
}
Event: 17.832 GC heap before
{Heap before GC invocations=16 (full 0):
 garbage-first heap   total 155648K, used 116158K [0x0000000080000000, 0x0000000100000000)
  region size 1024K, 73 young (74752K), 9 survivors (9216K)
 Metaspace       used 75513K, capacity 77377K, committed 77516K, reserved 1116160K
  class space    used 9849K, capacity 10508K, committed 10572K, reserved 1048576K
}
Event: 17.853 GC heap after
{Heap after GC invocations=17 (full 0):
 garbage-first heap   total 155648K, used 56622K [0x0000000080000000, 0x0000000100000000)
  region size 1024K, 9 young (9216K), 9 survivors (9216K)
 Metaspace       used 75513K, capacity 77377K, committed 77516K, reserved 1116160K
  class space    used 9849K, capacity 10508K, committed 10572K, reserved 1048576K
}
Event: 19.781 GC heap before
{Heap before GC invocations=17 (full 0):
 garbage-first heap   total 155648K, used 128302K [0x0000000080000000, 0x0000000100000000)
  region size 1024K, 71 young (72704K), 9 survivors (9216K)
 Metaspace       used 81011K, capacity 82932K, committed 83020K, reserved 1122304K
  class space    used 10467K, capacity 11127K, committed 11212K, reserved 1048576K
}
Event: 19.809 GC heap after
{Heap after GC invocations=18 (full 0):
 garbage-first heap   total 155648K, used 58827K [0x0000000080000000, 0x0000000100000000)
  region size 1024K, 7 young (7168K), 7 survivors (7168K)
 Metaspace       used 81011K, capacity 82932K, committed 83020K, reserved 1122304K
  class space    used 10467K, capacity 11127K, committed 11212K, reserved 1048576K
}
Event: 21.585 GC heap before
{Heap before GC invocations=18 (full 0):
 garbage-first heap   total 155648K, used 122315K [0x0000000080000000, 0x0000000100000000)
  region size 1024K, 70 young (71680K), 7 survivors (7168K)
 Metaspace       used 83739K, capacity 85760K, committed 85964K, reserved 1124352K
  class space    used 10791K, capacity 11463K, committed 11596K, reserved 1048576K
}
Event: 21.600 GC heap after
{Heap after GC invocations=19 (full 0):
 garbage-first heap   total 187392K, used 62099K [0x0000000080000000, 0x0000000100000000)
  region size 1024K, 6 young (6144K), 6 survivors (6144K)
 Metaspace       used 83739K, capacity 85760K, committed 85964K, reserved 1124352K
  class space    used 10791K, capacity 11463K, committed 11596K, reserved 1048576K
}
Event: 42.479 GC heap before
{Heap before GC invocations=19 (full 0):
 garbage-first heap   total 187392K, used 138899K [0x0000000080000000, 0x0000000100000000)
  region size 1024K, 82 young (83968K), 6 survivors (6144K)
 Metaspace       used 87420K, capacity 89448K, committed 89676K, reserved 1126400K
  class space    used 11192K, capacity 11903K, committed 11980K, reserved 1048576K
}
Event: 42.508 GC heap after
{Heap after GC invocations=20 (full 0):
 garbage-first heap   total 187392K, used 68190K [0x0000000080000000, 0x0000000100000000)
  region size 1024K, 11 young (11264K), 11 survivors (11264K)
 Metaspace       used 87420K, capacity 89448K, committed 89676K, reserved 1126400K
  class space    used 11192K, capacity 11903K, committed 11980K, reserved 1048576K
}
Event: 43.944 GC heap before
{Heap before GC invocations=20 (full 0):
 garbage-first heap   total 187392K, used 144990K [0x0000000080000000, 0x0000000100000000)
  region size 1024K, 87 young (89088K), 11 survivors (11264K)
 Metaspace       used 93103K, capacity 95183K, committed 95564K, reserved 1132544K
  class space    used 11915K, capacity 12619K, committed 12748K, reserved 1048576K
}
Event: 43.964 GC heap after
{Heap after GC invocations=21 (full 0):
 garbage-first heap   total 187392K, used 71395K [0x0000000080000000, 0x0000000100000000)
  region size 1024K, 5 young (5120K), 5 survivors (5120K)
 Metaspace       used 93103K, capacity 95183K, committed 95564K, reserved 1132544K
  class space    used 11915K, capacity 12619K, committed 12748K, reserved 1048576K
}
Event: 48.028 GC heap before
{Heap before GC invocations=21 (full 0):
 garbage-first heap   total 187392K, used 140003K [0x0000000080000000, 0x0000000100000000)
  region size 1024K, 69 young (70656K), 5 survivors (5120K)
 Metaspace       used 98651K, capacity 100934K, committed 101036K, reserved 1136640K
  class space    used 12517K, capacity 13346K, committed 13388K, reserved 1048576K
}
Event: 48.041 GC heap after
{Heap after GC invocations=22 (full 0):
 garbage-first heap   total 187392K, used 74176K [0x0000000080000000, 0x0000000100000000)
  region size 1024K, 6 young (6144K), 6 survivors (6144K)
 Metaspace       used 98651K, capacity 100934K, committed 101036K, reserved 1136640K
  class space    used 12517K, capacity 13346K, committed 13388K, reserved 1048576K
}
Event: 49.746 GC heap before
{Heap before GC invocations=23 (full 0):
 garbage-first heap   total 187392K, used 146880K [0x0000000080000000, 0x0000000100000000)
  region size 1024K, 78 young (79872K), 6 survivors (6144K)
 Metaspace       used 107482K, capacity 110202K, committed 110456K, reserved 1144832K
  class space    used 13767K, capacity 14768K, committed 14872K, reserved 1048576K
}
Event: 49.774 GC heap after
{Heap after GC invocations=24 (full 0):
 garbage-first heap   total 187392K, used 79524K [0x0000000080000000, 0x0000000100000000)
  region size 1024K, 9 young (9216K), 9 survivors (9216K)
 Metaspace       used 107482K, capacity 110202K, committed 110456K, reserved 1144832K
  class space    used 13767K, capacity 14768K, committed 14872K, reserved 1048576K
}
Event: 51.825 GC heap before
{Heap before GC invocations=25 (full 0):
 garbage-first heap   total 187392K, used 157348K [0x0000000080000000, 0x0000000100000000)
  region size 1024K, 76 young (77824K), 9 survivors (9216K)
 Metaspace       used 112125K, capacity 114911K, committed 115064K, reserved 1148928K
  class space    used 14283K, capacity 15306K, committed 15384K, reserved 1048576K
}
Event: 51.837 GC heap after
{Heap after GC invocations=26 (full 0):
 garbage-first heap   total 187392K, used 74844K [0x0000000080000000, 0x0000000100000000)
  region size 1024K, 2 young (2048K), 2 survivors (2048K)
 Metaspace       used 112125K, capacity 114911K, committed 115064K, reserved 1148928K
  class space    used 14283K, capacity 15306K, committed 15384K, reserved 1048576K
}
Event: 2346.745 GC heap before
{Heap before GC invocations=26 (full 0):
 garbage-first heap   total 187392K, used 146524K [0x0000000080000000, 0x0000000100000000)
  region size 1024K, 73 young (74752K), 2 survivors (2048K)
 Metaspace       used 114161K, capacity 116944K, committed 117240K, reserved 1150976K
  class space    used 14391K, capacity 15413K, committed 15512K, reserved 1048576K
}
Event: 2347.049 GC heap after
{Heap after GC invocations=27 (full 0):
 garbage-first heap   total 187392K, used 75404K [0x0000000080000000, 0x0000000100000000)
  region size 1024K, 3 young (3072K), 3 survivors (3072K)
 Metaspace       used 114161K, capacity 116944K, committed 117240K, reserved 1150976K
  class space    used 14391K, capacity 15413K, committed 15512K, reserved 1048576K
}

Deoptimization events (20 events):
Event: 2349.654 Thread 0x00000207b800b000 Uncommon trap: trap_request=0xffffffbe fr.pc=0x00000207a5092c94 relative=0x0000000000000554
Event: 2349.655 Thread 0x00000207b800b000 Uncommon trap: reason=profile_predicate action=maybe_recompile pc=0x00000207a5092c94 method=com.google.common.base.CharMatcher.indexIn(Ljava/lang/CharSequence;I)I @ 19 c2
Event: 2349.655 Thread 0x00000207b800b000 DEOPT PACKING pc=0x00000207a5092c94 sp=0x0000002d316f9f10
Event: 2349.655 Thread 0x00000207b800b000 DEOPT UNPACKING pc=0x000002079d0374af sp=0x0000002d316f9eb8 mode 2
Event: 2349.657 Thread 0x00000207b800b000 Uncommon trap: trap_request=0xffffffbe fr.pc=0x00000207a5092c94 relative=0x0000000000000554
Event: 2349.657 Thread 0x00000207b800b000 Uncommon trap: reason=profile_predicate action=maybe_recompile pc=0x00000207a5092c94 method=com.google.common.base.CharMatcher.indexIn(Ljava/lang/CharSequence;I)I @ 19 c2
Event: 2349.657 Thread 0x00000207b800b000 DEOPT PACKING pc=0x00000207a5092c94 sp=0x0000002d316f9f10
Event: 2349.657 Thread 0x00000207b800b000 DEOPT UNPACKING pc=0x000002079d0374af sp=0x0000002d316f9eb8 mode 2
Event: 2349.658 Thread 0x00000207b800b000 Uncommon trap: trap_request=0xffffffbe fr.pc=0x00000207a5092c94 relative=0x0000000000000554
Event: 2349.658 Thread 0x00000207b800b000 Uncommon trap: reason=profile_predicate action=maybe_recompile pc=0x00000207a5092c94 method=com.google.common.base.CharMatcher.indexIn(Ljava/lang/CharSequence;I)I @ 19 c2
Event: 2349.658 Thread 0x00000207b800b000 DEOPT PACKING pc=0x00000207a5092c94 sp=0x0000002d316f9f10
Event: 2349.658 Thread 0x00000207b800b000 DEOPT UNPACKING pc=0x000002079d0374af sp=0x0000002d316f9eb8 mode 2
Event: 2349.658 Thread 0x00000207b800b000 Uncommon trap: trap_request=0xffffffbe fr.pc=0x00000207a5092c94 relative=0x0000000000000554
Event: 2349.658 Thread 0x00000207b800b000 Uncommon trap: reason=profile_predicate action=maybe_recompile pc=0x00000207a5092c94 method=com.google.common.base.CharMatcher.indexIn(Ljava/lang/CharSequence;I)I @ 19 c2
Event: 2349.658 Thread 0x00000207b800b000 DEOPT PACKING pc=0x00000207a5092c94 sp=0x0000002d316f9f10
Event: 2349.658 Thread 0x00000207b800b000 DEOPT UNPACKING pc=0x000002079d0374af sp=0x0000002d316f9eb8 mode 2
Event: 2350.772 Thread 0x00000207b8014000 Uncommon trap: trap_request=0xffffff4d fr.pc=0x00000207a4faeeb0 relative=0x0000000000000090
Event: 2350.772 Thread 0x00000207b8014000 Uncommon trap: reason=unstable_if action=reinterpret pc=0x00000207a4faeeb0 method=com.google.common.cache.LongAdder.add(J)V @ 24 c2
Event: 2350.772 Thread 0x00000207b8014000 DEOPT PACKING pc=0x00000207a4faeeb0 sp=0x0000002d32cfc0b0
Event: 2350.772 Thread 0x00000207b8014000 DEOPT UNPACKING pc=0x000002079d0374af sp=0x0000002d32cfbff0 mode 2

Classes redefined (0 events):
No events

Internal exceptions (20 events):
Event: 50.438 Thread 0x00000207b98a8000 Exception <a 'sun/nio/fs/WindowsException'{0x000000008a545320}> (0x000000008a545320) thrown at [./src/hotspot/share/prims/jni.cpp, line 615]
Event: 50.452 Thread 0x00000207b98a8000 Exception <a 'sun/nio/fs/WindowsException'{0x0000000089fa4760}> (0x0000000089fa4760) thrown at [./src/hotspot/share/prims/jni.cpp, line 615]
Event: 50.496 Thread 0x00000207b98a8000 Exception <a 'sun/nio/fs/WindowsException'{0x0000000089fb04b8}> (0x0000000089fb04b8) thrown at [./src/hotspot/share/prims/jni.cpp, line 615]
Event: 50.502 Thread 0x00000207b98a8000 Exception <a 'sun/nio/fs/WindowsException'{0x0000000089d80568}> (0x0000000089d80568) thrown at [./src/hotspot/share/prims/jni.cpp, line 615]
Event: 50.637 Thread 0x00000207b8012800 Exception <a 'java/lang/NoSuchMethodError'{0x0000000089c6ea58}: <clinit>> (0x0000000089c6ea58) thrown at [./src/hotspot/share/prims/jni.cpp, line 1362]
Event: 50.703 Thread 0x00000207b98a4800 Exception <a 'sun/nio/fs/WindowsException'{0x0000000089ad5998}> (0x0000000089ad5998) thrown at [./src/hotspot/share/prims/jni.cpp, line 615]
Event: 50.703 Thread 0x00000207b98a8000 Exception <a 'sun/nio/fs/WindowsException'{0x000000008996d0f8}> (0x000000008996d0f8) thrown at [./src/hotspot/share/prims/jni.cpp, line 615]
Event: 50.703 Thread 0x00000207b800f000 Exception <a 'sun/nio/fs/WindowsException'{0x0000000089973668}> (0x0000000089973668) thrown at [./src/hotspot/share/prims/jni.cpp, line 615]
Event: 50.795 Thread 0x00000207b800f000 Exception <a 'sun/nio/fs/WindowsException'{0x00000000890f5320}> (0x00000000890f5320) thrown at [./src/hotspot/share/prims/jni.cpp, line 615]
Event: 50.814 Thread 0x00000207b98ac000 Exception <a 'sun/nio/fs/WindowsException'{0x0000000088e07768}> (0x0000000088e07768) thrown at [./src/hotspot/share/prims/jni.cpp, line 615]
Event: 50.824 Thread 0x00000207b98ac000 Exception <a 'sun/nio/fs/WindowsException'{0x0000000088ef6e78}> (0x0000000088ef6e78) thrown at [./src/hotspot/share/prims/jni.cpp, line 615]
Event: 50.870 Thread 0x00000207b98a8000 Exception <a 'sun/nio/fs/WindowsException'{0x0000000088ae0af0}> (0x0000000088ae0af0) thrown at [./src/hotspot/share/prims/jni.cpp, line 615]
Event: 51.088 Thread 0x00000207b98a4800 Exception <a 'sun/nio/fs/WindowsException'{0x00000000885a2868}> (0x00000000885a2868) thrown at [./src/hotspot/share/prims/jni.cpp, line 615]
Event: 51.760 Thread 0x00000207b5574000 Exception <a 'java/lang/NoSuchMethodError'{0x00000000877d1df0}: 'java.lang.Object java.lang.invoke.DirectMethodHandle$Holder.invokeSpecial(java.lang.Object, java.lang.Object, java.lang.Object, int, int, java.lang.Object, java.lang.Object)'> (0x00000000877d1df0) thrown at [./src/hotspot/share/interpreter/linkResolver.cpp, line 773]
Event: 51.761 Thread 0x00000207b5574000 Exception <a 'java/lang/NoSuchMethodError'{0x00000000876167f0}: 'java.lang.Object java.lang.invoke.DirectMethodHandle$Holder.invokeStatic(java.lang.Object, java.lang.Object, java.lang.Object, int, int, java.lang.Object)'> (0x00000000876167f0) thrown at [./src/hotspot/share/interpreter/linkResolver.cpp, line 773]
Event: 51.761 Thread 0x00000207b5574000 Exception <a 'java/lang/NoSuchMethodError'{0x000000008761a510}: 'java.lang.Object java.lang.invoke.DirectMethodHandle$Holder.invokeSpecial(java.lang.Object, java.lang.Object, java.lang.Object, java.lang.Object, int, int, java.lang.Object)'> (0x000000008761a510) thrown at [./src/hotspot/share/interpreter/linkResolver.cpp, line 773]
Event: 51.761 Thread 0x00000207b5574000 Exception <a 'java/lang/NoSuchMethodError'{0x000000008761da30}: 'java.lang.Object java.lang.invoke.Invokers$Holder.linkToTargetMethod(java.lang.Object, java.lang.Object, int, int, java.lang.Object, java.lang.Object)'> (0x000000008761da30) thrown at [./src/hotspot/share/interpreter/linkResolver.cpp, line 773]
Event: 2344.873 Thread 0x00000207b800b000 Implicit null exception at 0x00000207a4fb96bf to 0x00000207a4fba064
Event: 2344.879 Thread 0x00000207b800b000 Implicit null exception at 0x00000207a4ba3e56 to 0x00000207a4baa5ac
Event: 2348.490 Thread 0x00000207b800b000 Exception <a 'sun/nio/fs/WindowsException'{0x000000008ace9a48}> (0x000000008ace9a48) thrown at [./src/hotspot/share/prims/jni.cpp, line 615]

Events (20 events):
Event: 2350.126 Executing VM operation: RevokeBias
Event: 2350.126 Executing VM operation: RevokeBias done
Event: 2350.129 Executing VM operation: RevokeBias
Event: 2350.130 Executing VM operation: RevokeBias done
Event: 2350.132 Executing VM operation: RevokeBias
Event: 2350.132 Executing VM operation: RevokeBias done
Event: 2350.136 Thread 0x00000207b5607800 Thread exited: 0x00000207b5607800
Event: 2350.140 Executing VM operation: RevokeBias
Event: 2350.140 Executing VM operation: RevokeBias done
Event: 2350.425 Executing VM operation: RevokeBias
Event: 2350.426 Executing VM operation: RevokeBias done
Event: 2350.463 Executing VM operation: RevokeBias
Event: 2350.463 Executing VM operation: RevokeBias done
Event: 2350.617 Executing VM operation: RevokeBias
Event: 2350.621 Executing VM operation: RevokeBias done
Event: 2350.621 Executing VM operation: RevokeBias
Event: 2350.622 Executing VM operation: RevokeBias done
Event: 2350.623 Executing VM operation: RevokeBias
Event: 2350.625 Executing VM operation: RevokeBias done
Event: 2350.941 Thread 0x00000207b5607800 Thread added: 0x00000207b5607800


Dynamic libraries:
0x00007ff7b3f70000 - 0x00007ff7b3f7a000 	Z:\Android Studio\jre\bin\java.exe
0x00007ff92b940000 - 0x00007ff92bb30000 	C:\WINDOWS\SYSTEM32\ntdll.dll
0x00007ff92a2e0000 - 0x00007ff92a392000 	C:\WINDOWS\System32\KERNEL32.DLL
0x00007ff9294b0000 - 0x00007ff929755000 	C:\WINDOWS\System32\KERNELBASE.dll
0x00007ff929300000 - 0x00007ff9293fa000 	C:\WINDOWS\System32\ucrtbase.dll
0x00007ff91f6f0000 - 0x00007ff91f707000 	Z:\Android Studio\jre\bin\VCRUNTIME140.dll
0x00007ff91e390000 - 0x00007ff91e3a9000 	Z:\Android Studio\jre\bin\jli.dll
0x00007ff929a90000 - 0x00007ff929c24000 	C:\WINDOWS\System32\USER32.dll
0x00007ff929760000 - 0x00007ff929781000 	C:\WINDOWS\System32\win32u.dll
0x00007ff912fe0000 - 0x00007ff913264000 	C:\WINDOWS\WinSxS\amd64_microsoft.windows.common-controls_6595b64144ccf1df_6.0.18362.1500_none_9e79be6de462295c\COMCTL32.dll
0x00007ff92a770000 - 0x00007ff92a796000 	C:\WINDOWS\System32\GDI32.dll
0x00007ff9299f0000 - 0x00007ff929a8e000 	C:\WINDOWS\System32\msvcrt.dll
0x00007ff929850000 - 0x00007ff9299e8000 	C:\WINDOWS\System32\gdi32full.dll
0x00007ff92b510000 - 0x00007ff92b846000 	C:\WINDOWS\System32\combase.dll
0x00007ff9288b0000 - 0x00007ff92894e000 	C:\WINDOWS\System32\msvcp_win.dll
0x00007ff929ed0000 - 0x00007ff929fef000 	C:\WINDOWS\System32\RPCRT4.dll
0x00007ff929790000 - 0x00007ff929811000 	C:\WINDOWS\System32\bcryptPrimitives.dll
0x00007ff92a2b0000 - 0x00007ff92a2de000 	C:\WINDOWS\System32\IMM32.DLL
0x00007ff91b700000 - 0x00007ff91b79d000 	Z:\Android Studio\jre\bin\msvcp140.dll
0x00007ff8e1760000 - 0x00007ff8e221c000 	Z:\Android Studio\jre\bin\server\jvm.dll
0x00007ff92a400000 - 0x00007ff92a4a3000 	C:\WINDOWS\System32\ADVAPI32.dll
0x00007ff92a4c0000 - 0x00007ff92a557000 	C:\WINDOWS\System32\sechost.dll
0x00007ff92a4b0000 - 0x00007ff92a4b8000 	C:\WINDOWS\System32\PSAPI.DLL
0x00007ff91e570000 - 0x00007ff91e594000 	C:\WINDOWS\SYSTEM32\WINMM.dll
0x00007ff923a30000 - 0x00007ff923a3a000 	C:\WINDOWS\SYSTEM32\VERSION.dll
0x00007ff9272c0000 - 0x00007ff9272c9000 	C:\WINDOWS\SYSTEM32\WSOCK32.dll
0x00007ff91e540000 - 0x00007ff91e56d000 	C:\WINDOWS\SYSTEM32\WINMMBASE.dll
0x00007ff929290000 - 0x00007ff9292da000 	C:\WINDOWS\System32\cfgmgr32.dll
0x00007ff929e60000 - 0x00007ff929ecf000 	C:\WINDOWS\System32\ws2_32.DLL
0x00007ff928800000 - 0x00007ff928811000 	C:\WINDOWS\System32\kernel.appcore.dll
0x00007ff922260000 - 0x00007ff922271000 	Z:\Android Studio\jre\bin\verify.dll
0x00007ff9270a0000 - 0x00007ff927294000 	C:\WINDOWS\SYSTEM32\DBGHELP.DLL
0x00007ff921420000 - 0x00007ff92144a000 	C:\WINDOWS\SYSTEM32\dbgcore.DLL
0x00007ff922200000 - 0x00007ff922229000 	Z:\Android Studio\jre\bin\java.dll
0x00007ff9230c0000 - 0x00007ff9230cb000 	Z:\Android Studio\jre\bin\jimage.dll
0x00007ff922150000 - 0x00007ff922168000 	Z:\Android Studio\jre\bin\zip.dll
0x00007ff92a8e0000 - 0x00007ff92afc8000 	C:\WINDOWS\System32\SHELL32.dll
0x00007ff92b850000 - 0x00007ff92b8f7000 	C:\WINDOWS\System32\shcore.dll
0x00007ff928b10000 - 0x00007ff92928b000 	C:\WINDOWS\System32\windows.storage.dll
0x00007ff928870000 - 0x00007ff92888e000 	C:\WINDOWS\System32\profapi.dll
0x00007ff928820000 - 0x00007ff92886a000 	C:\WINDOWS\System32\powrprof.dll
0x00007ff9287f0000 - 0x00007ff928800000 	C:\WINDOWS\System32\UMPDC.dll
0x00007ff929cb0000 - 0x00007ff929d02000 	C:\WINDOWS\System32\shlwapi.dll
0x00007ff9292e0000 - 0x00007ff9292f7000 	C:\WINDOWS\System32\cryptsp.dll
0x00007ff922130000 - 0x00007ff92214a000 	Z:\Android Studio\jre\bin\net.dll
0x00007ff91f060000 - 0x00007ff91f15a000 	C:\WINDOWS\SYSTEM32\WINHTTP.dll
0x00007ff928030000 - 0x00007ff928097000 	C:\WINDOWS\system32\mswsock.dll
0x00007ff9220b0000 - 0x00007ff9220c4000 	Z:\Android Studio\jre\bin\nio.dll
0x00007ff91e180000 - 0x00007ff91e1a6000 	C:\Users\ASUS\.gradle\native\fdc75f09e3144964f2cf3f50f0aa648679c211496f362492102eb8c894070792\windows-amd64\native-platform.dll
0x00007ff8f6fd0000 - 0x00007ff8f7161000 	C:\Users\ASUS\.gradle\native\12488b8bf47d2d4c9fbf2f6322a914ad602e24e48041cd04a747c6da556b65c4\windows-amd64\native-platform-file-events.dll
0x00007ff922a20000 - 0x00007ff922a2a000 	Z:\Android Studio\jre\bin\management.dll
0x00007ff9226d0000 - 0x00007ff9226dc000 	Z:\Android Studio\jre\bin\management_ext.dll
0x00007ff927b50000 - 0x00007ff927b83000 	C:\WINDOWS\system32\rsaenh.dll
0x00007ff929820000 - 0x00007ff929846000 	C:\WINDOWS\System32\bcrypt.dll
0x00007ff928710000 - 0x00007ff928735000 	C:\WINDOWS\SYSTEM32\USERENV.dll
0x00007ff928200000 - 0x00007ff92820c000 	C:\WINDOWS\SYSTEM32\CRYPTBASE.dll
0x00007ff927ce0000 - 0x00007ff927d1a000 	C:\WINDOWS\SYSTEM32\IPHLPAPI.DLL
0x00007ff929d10000 - 0x00007ff929d18000 	C:\WINDOWS\System32\NSI.dll
0x00007ff9224f0000 - 0x00007ff922506000 	C:\WINDOWS\SYSTEM32\dhcpcsvc6.DLL
0x00007ff921c50000 - 0x00007ff921c6c000 	C:\WINDOWS\SYSTEM32\dhcpcsvc.DLL
0x00007ff927d20000 - 0x00007ff927deb000 	C:\WINDOWS\SYSTEM32\DNSAPI.dll
0x00007ff922940000 - 0x00007ff92294b000 	C:\WINDOWS\SYSTEM32\WINNSI.DLL

dbghelp: loaded successfully - version: 4.0.5 - missing functions: none
symbol engine: initialized successfully - sym options: 0x614 - pdb path: .;Z:\Android Studio\jre\bin;C:\WINDOWS\SYSTEM32;C:\WINDOWS\WinSxS\amd64_microsoft.windows.common-controls_6595b64144ccf1df_6.0.18362.1500_none_9e79be6de462295c;Z:\Android Studio\jre\bin\server;C:\Users\ASUS\.gradle\native\fdc75f09e3144964f2cf3f50f0aa648679c211496f362492102eb8c894070792\windows-amd64;C:\Users\ASUS\.gradle\native\12488b8bf47d2d4c9fbf2f6322a914ad602e24e48041cd04a747c6da556b65c4\windows-amd64

VM Arguments:
jvm_args: --add-opens=java.base/java.util=ALL-UNNAMED --add-opens=java.base/java.lang=ALL-UNNAMED --add-opens=java.base/java.lang.invoke=ALL-UNNAMED --add-opens=java.prefs/java.util.prefs=ALL-UNNAMED -Xmx2048m -Dfile.encoding=UTF-8 -Duser.country=GB -Duser.language=en -Duser.variant 
java_command: org.gradle.launcher.daemon.bootstrap.GradleDaemon 6.7.1
java_class_path (initial): C:\Users\ASUS\.gradle\wrapper\dists\gradle-6.7.1-bin\bwlcbys1h7rz3272sye1xwiv6\gradle-6.7.1\lib\gradle-launcher-6.7.1.jar
Launcher Type: SUN_STANDARD

[Global flags]
     intx CICompilerCount                          = 3                                         {product} {ergonomic}
     uint ConcGCThreads                            = 1                                         {product} {ergonomic}
     uint G1ConcRefinementThreads                  = 4                                         {product} {ergonomic}
   size_t G1HeapRegionSize                         = 1048576                                   {product} {ergonomic}
    uintx GCDrainStackTargetSize                   = 64                                        {product} {ergonomic}
   size_t InitialHeapSize                          = 132120576                                 {product} {ergonomic}
   size_t MarkStackSize                            = 4194304                                   {product} {ergonomic}
   size_t MaxHeapSize                              = 2147483648                                {product} {command line}
   size_t MaxNewSize                               = 1287651328                                {product} {ergonomic}
   size_t MinHeapDeltaBytes                        = 1048576                                   {product} {ergonomic}
    uintx NonNMethodCodeHeapSize                   = 5830732                                {pd product} {ergonomic}
    uintx NonProfiledCodeHeapSize                  = 122913754                              {pd product} {ergonomic}
    uintx ProfiledCodeHeapSize                     = 122913754                              {pd product} {ergonomic}
    uintx ReservedCodeCacheSize                    = 251658240                              {pd product} {ergonomic}
     bool SegmentedCodeCache                       = true                                      {product} {ergonomic}
     bool UseCompressedClassPointers               = true                                 {lp64_product} {ergonomic}
     bool UseCompressedOops                        = true                                 {lp64_product} {ergonomic}
     bool UseG1GC                                  = true                                      {product} {ergonomic}
     bool UseLargePagesIndividualAllocation        = false                                  {pd product} {ergonomic}

Logging:
Log output configuration:
 #0: stdout all=warning uptime,level,tags
 #1: stderr all=off uptime,level,tags

Environment Variables:
JAVA_HOME=D:\Software\jdk-13.0.2
PATH=D:\Software\jdk-13.0.2\bin;C:\Program Files\NVIDIA GPU Computing Toolkit\CUDA\v10.0\libnvvp;C:\ProgramData\Oracle\Java\javapath;C:\Program Files (x86)\Intel\iCLS Client\;C:\Program Files\Intel\iCLS Client\;C:\Windows\system32;C:\Windows;C:\Windows\System32\Wbem;C:\Windows\System32\WindowsPowerShell\v1.0\;C:\Program Files (x86)\Intel\Intel(R) Management Engine Components\DAL;C:\Program Files\Intel\Intel(R) Management Engine Components\DAL;C:\Program Files (x86)\Intel\Intel(R) Management Engine Components\IPT;C:\Program Files\Intel\Intel(R) Management Engine Components\IPT;C:\Program Files (x86)\NVIDIA Corporation\PhysX\Common;C:\Program Files (x86)\Bitvise SSH Client;D:\FreePascal\bin\i386-Win32;C:\WINDOWS\system32;C:\WINDOWS;C:\WINDOWS\System32\Wbem;C:\WINDOWS\System32\WindowsPowerShell\v1.0\;C:\Program Files\Java\jdk1.8.0_121\bin;C:\Program Files\Microsoft DNX\Dnvm\;C:\Program Files\Microsoft SQL Server\120\Tools\Binn\;C:\Program Files (x86)\Brackets\command;C:\Program Files\Common Files\Autodesk Shared\;C:\Program Files (x86)\Autodesk\Backburner\;D:\xampp 2\php;C:\WINDOWS\System32\OpenSSH\;D:\MATLAB 2017\runtime\win64;D:\MATLAB 2017\bin;D:\Matlab 2012\runtime\win64;D:\Matlab 2012\bin;D:\MATLAB 2009\bin;D:\MATLAB 2009\bin\win64;D:\MATLAB\R2007b\bin;D:\MATLAB\R2007b\bin\win64;C:\Program Files\Microsoft VS Code\bin;C:\Program Files\NVIDIA Corporation\NVIDIA NvDLISR;C:\WINDOWS\system32;C:\WINDOWS;C:\WINDOWS\System32\Wbem;C:\WINDOWS\System32\WindowsPowerShell\v1.0\;C:\WINDOWS\System32\OpenSSH\;C:\Program Files\dotnet\;C:\Program Files\Microsoft SQL Server\130\Tools\Binn\;C:\Program Files\Microsoft SQL Server\Client SDK\ODBC\170\Tools\Binn\;D:\Software\gradle-6.3\bin;D:\Go\bin;D:\Composer;C:\Program Files\nodejs\;C:\Program Files\Git\cmd;C:\Users\ASUS\AppData\Local\Programs\Python\Python38-32\Scripts\;C:\Users\ASUS\AppData\Local\Programs\Python\Python38-32\;C:\Ruby24-x64\bin;C:\Users\ASUS\AppData\Local\Programs\Python\Python36-32\Scripts\;C:\Users\ASUS\AppData\Local\P
USERNAME=ASUS
OS=Windows_NT
PROCESSOR_IDENTIFIER=Intel64 Family 6 Model 142 Stepping 9, GenuineIntel



---------------  S Y S T E M  ---------------

OS: Windows 10 , 64 bit Build 18362 (10.0.18362.1500)
OS uptime: 40 days 10:45 hours

CPU:total 4 (initial active 4) (2 cores per cpu, 2 threads per core) family 6 model 142 stepping 9, cmov, cx8, fxsr, mmx, sse, sse2, sse3, ssse3, sse4.1, sse4.2, popcnt, avx, avx2, aes, clmul, erms, 3dnowpref, lzcnt, ht, tsc, tscinvbit, bmi1, bmi2, adx, fma

Memory: 4k page, system-wide physical 8041M (793M free)
TotalPageFile size 32617M (AvailPageFile size 0M)
current process WorkingSet (physical memory assigned to process): 255M, peak: 496M
current process commit charge ("private bytes"): 518M, peak: 525M

vm_info: OpenJDK 64-Bit Server VM (11.0.8+10-b944.6842174) for windows-amd64 JRE (11.0.8+10-b944.6842174), built on Sep 19 2020 01:11:42 by "builder" with MS VC++ 14.0 (VS2015)

END.
